Log file open, 09/24/18 16:13:53
LogWindows: Failed to load 'aqProf.dll' (GetLastError=126)
LogWindows: File 'aqProf.dll' does not exist
LogWindows: Failed to load 'VSPerf140.dll' (GetLastError=126)
LogWindows: File 'VSPerf140.dll' does not exist
LogWindows: Failed to load 'VtuneApi.dll' (GetLastError=126)
LogWindows: File 'VtuneApi.dll' does not exist
LogWindows: Failed to load 'VtuneApi32e.dll' (GetLastError=126)
LogWindows: File 'VtuneApi32e.dll' does not exist
LogInit: Display: Running engine for game: AIrShipCity
LogPlatformFile: Not using cached read wrapper
LogTaskGraph: Started task graph with 5 named threads and 23 total threads with 3 sets of task threads.
LogStats: Stats thread started at 0.290787
LogD3D11RHI: Loaded GFSDK_Aftermath_Lib.x64.dll
LogICUInternationalization: Display: ICU TimeZone Detection - Raw Offset: -5:00, Platform Override: ''
LogPluginManager: Mounting plugin Paper2D
LogPluginManager: Mounting plugin AISupport
LogPluginManager: Mounting plugin LightPropagationVolume
LogPluginManager: Mounting plugin CLionSourceCodeAccess
LogPluginManager: Mounting plugin CodeLiteSourceCodeAccess
LogPluginManager: Mounting plugin GitSourceControl
LogPluginManager: Mounting plugin KDevelopSourceCodeAccess
LogPluginManager: Mounting plugin NullSourceCodeAccess
LogPluginManager: Mounting plugin PerforceSourceControl
LogPluginManager: Mounting plugin SubversionSourceControl
LogPluginManager: Mounting plugin UObjectPlugin
LogPluginManager: Mounting plugin VisualStudioCodeSourceCodeAccess
LogPluginManager: Mounting plugin VisualStudioSourceCodeAccess
LogPluginManager: Mounting plugin XCodeSourceCodeAccess
LogPluginManager: Mounting plugin AssetManagerEditor
LogPluginManager: Mounting plugin CryptoKeys
LogPluginManager: Mounting plugin DataValidation
LogPluginManager: Mounting plugin FacialAnimation
LogPluginManager: Mounting plugin GameplayTagsEditor
LogPluginManager: Mounting plugin MacGraphicsSwitching
LogPluginManager: Mounting plugin MeshEditor
LogPluginManager: Mounting plugin MobileLauncherProfileWizard
LogPluginManager: Mounting plugin PluginBrowser
LogPluginManager: Mounting plugin SpeedTreeImporter
LogPluginManager: Mounting plugin DatasmithContent
LogPluginManager: Mounting plugin AlembicImporter
LogPluginManager: Mounting plugin AppleImageUtils
LogPluginManager: Mounting plugin AppleVision
LogPluginManager: Mounting plugin BackChannel
LogPluginManager: Mounting plugin CharacterAI
LogPluginManager: Mounting plugin GeometryCache
LogPluginManager: Mounting plugin HTML5Networking
LogPluginManager: Mounting plugin ProxyLODPlugin
LogPluginManager: Mounting plugin MagicLeap
LogPluginManager: Mounting plugin MagicLeapEmulator
LogPluginManager: Mounting plugin MagicLeapMedia
LogPluginManager: Mounting plugin Substance
LogPluginManager: Mounting plugin AndroidMedia
LogPluginManager: Mounting plugin AvfMedia
LogPluginManager: Mounting plugin ImgMedia
LogPluginManager: Mounting plugin LinearTimecode
LogPluginManager: Mounting plugin MediaCompositing
LogPluginManager: Mounting plugin MediaPlayerEditor
LogPluginManager: Mounting plugin WmfMedia
LogPluginManager: Mounting plugin TcpMessaging
LogPluginManager: Mounting plugin UdpMessaging
LogPluginManager: Mounting plugin ActorSequence
LogPluginManager: Mounting plugin LevelSequenceEditor
LogPluginManager: Mounting plugin MatineeToLevelSequence
LogPluginManager: Mounting plugin NetcodeUnitTest
LogPluginManager: Mounting plugin NUTUnrealEngine4
LogPluginManager: Mounting plugin OnlineSubsystemGooglePlay
LogPluginManager: Mounting plugin OnlineSubsystemIOS
LogPluginManager: Mounting plugin OnlineSubsystem
LogPluginManager: Mounting plugin OnlineSubsystemNull
LogPluginManager: Mounting plugin OnlineSubsystemUtils
LogPluginManager: Mounting plugin LauncherChunkInstaller
LogPluginManager: Mounting plugin AndroidDeviceProfileSelector
LogPluginManager: Mounting plugin AndroidMoviePlayer
LogPluginManager: Mounting plugin AndroidPermission
LogPluginManager: Mounting plugin AppleMoviePlayer
LogPluginManager: Mounting plugin ArchVisCharacter
LogPluginManager: Mounting plugin AudioCapture
LogPluginManager: Mounting plugin CableComponent
LogPluginManager: Mounting plugin CustomMeshComponent
LogPluginManager: Mounting plugin EditableMesh
LogPluginManager: Mounting plugin ExampleDeviceProfileSelector
LogPluginManager: Mounting plugin GoogleCloudMessaging
LogPluginManager: Mounting plugin ImmediatePhysics
LogPluginManager: Mounting plugin IOSDeviceProfileSelector
LogPluginManager: Mounting plugin LinuxDeviceProfileSelector
LogPluginManager: Mounting plugin LocationServicesBPLibrary
LogPluginManager: Mounting plugin MobilePatchingUtils
LogPluginManager: Mounting plugin PhysXVehicles
LogPluginManager: Mounting plugin ProceduralMeshComponent
LogPluginManager: Mounting plugin RuntimePhysXCooking
LogPluginManager: Mounting plugin WindowsMoviePlayer
LogStreaming: Display: Took  0.191s to configure plugins.
LogInit: Using libcurl 7.55.1-DEV
LogInit:  - built for x86_64-pc-win32
LogInit:  - supports SSL with OpenSSL/1.0.2h
LogInit:  - supports HTTP deflate (compression) using libz 1.2.8
LogInit:  - other features:
LogInit:      CURL_VERSION_SSL
LogInit:      CURL_VERSION_LIBZ
LogInit:      CURL_VERSION_IPV6
LogInit:      CURL_VERSION_ASYNCHDNS
LogInit:      CURL_VERSION_LARGEFILE
LogInit:      CURL_VERSION_IDN
LogInit:  CurlRequestOptions (configurable via config and command line):
LogInit:  - bVerifyPeer = false  - Libcurl will NOT verify peer certificate
LogInit:  - bUseHttpProxy = false  - Libcurl will NOT use HTTP proxy
LogInit:  - bDontReuseConnections = false  - Libcurl will reuse connections
LogInit:  - CertBundlePath = nullptr  - Libcurl will use whatever was configured at build time.
LogInit:  - MaxHostConnections = 16  - Libcurl will limit the number of connections to a host
LogInit:  - LocalHostAddr = Default
LogInit:  - BufferSize = 65536
LogInit: WinSock: version 1.1 (2.2), MaxSocks=32767, MaxUdp=65467
LogInit: Build: ++UE4+Release-4.20-CL-4369336
LogInit: Engine Version: 4.20.3-4369336+++UE4+Release-4.20
LogInit: Compatible Engine Version: 4.20.0-4212847+++UE4+Release-4.20
LogInit: Net CL: 4212847
LogInit: OS: Windows 10 (), CPU: Intel(R) Core(TM) i7-7700HQ CPU @ 2.80GHz, GPU: Intel(R) HD Graphics 630
LogInit: Compiled (64-bit): Sep 17 2018 12:26:19
LogInit: Compiled with Visual C++: 19.13.26129.00
LogInit: Build Configuration: Development
LogInit: Branch Name: ++UE4+Release-4.20
LogInit: Command Line:  
LogInit: Base Directory: D:/EpicGames/UE_4.20/Engine/Binaries/Win64/
LogInit: Installed Engine Build: 1
LogDevObjectVersion: Number of dev versions registered: 20
LogDevObjectVersion:   Dev-Blueprints (B0D832E4-1F89-4F0D-ACCF-7EB736FD4AA2): 10
LogDevObjectVersion:   Dev-Build (E1C64328-A22C-4D53-A36C-8E866417BD8C): 0
LogDevObjectVersion:   Dev-Core (375EC13C-06E4-48FB-B500-84F0262A717E): 2
LogDevObjectVersion:   Dev-Editor (E4B068ED-F494-42E9-A231-DA0B2E46BB41): 24
LogDevObjectVersion:   Dev-Framework (CFFC743F-43B0-4480-9391-14DF171D2073): 34
LogDevObjectVersion:   Dev-Mobile (B02B49B5-BB20-44E9-A304-32B752E40360): 2
LogDevObjectVersion:   Dev-Networking (A4E4105C-59A1-49B5-A7C5-40C4547EDFEE): 0
LogDevObjectVersion:   Dev-Online (39C831C9-5AE6-47DC-9A44-9C173E1C8E7C): 0
LogDevObjectVersion:   Dev-Physics (78F01B33-EBEA-4F98-B9B4-84EACCB95AA2): 0
LogDevObjectVersion:   Dev-Platform (6631380F-2D4D-43E0-8009-CF276956A95A): 0
LogDevObjectVersion:   Dev-Rendering (12F88B9F-8875-4AFC-A67C-D90C383ABD29): 26
LogDevObjectVersion:   Dev-Sequencer (7B5AE74C-D270-4C10-A958-57980B212A5A): 9
LogDevObjectVersion:   Dev-VR (D7296918-1DD6-4BDD-9DE2-64A83CC13884): 2
LogDevObjectVersion:   Dev-LoadTimes (C2A15278-BFE7-4AFE-6C17-90FF531DF755): 1
LogDevObjectVersion:   Private-Geometry (6EACA3D4-40EC-4CC1-B786-8BED09428FC5): 3
LogDevObjectVersion:   Dev-AnimPhys (29E575DD-E0A3-4627-9D10-D276232CDCEA): 17
LogDevObjectVersion:   Dev-ReflectionCapture (6B266CEC-1EC7-4B8F-A30B-E4D90942FC07): 1
LogDevObjectVersion:   Dev-Automation (0DF73D61-A23F-47EA-B727-89E90C41499A): 1
LogDevObjectVersion:   FortniteMain (601D1886-AC64-4F84-AA16-D3DE0DEAC7D6): 12
LogDevObjectVersion:   Dev-Enterprise (9DFFBCD6-494F-0158-E221-12823C92A888): 1
LogStreaming: Display: Took  0.007s to delete old logs.
LogInit: Presizing for max 8388607 objects, including 0 objects not considered by GC, pre-allocating 0 bytes for permanent pool.
LogInit: Object subsystem initialized
[2018.09.24-20.13.54:249][  0]LogInit: Selected Device Profile: [Windows]
[2018.09.24-20.13.54:249][  0]LogInit: Applying CVar settings loaded from the selected device profile: [Windows]
[2018.09.24-20.13.54:259][  0]LogHAL: Display: Platform has ~ 16 GB [17059213312 / 17179869184 / 16], which maps to Larger [LargestMinGB=32, LargerMinGB=12, DefaultMinGB=8, SmallerMinGB=6, SmallestMinGB=0)
[2018.09.24-20.13.54:259][  0]LogInit: Setting Device Profile CVar: [[r.Vulkan.UseRealUBs:1]]
[2018.09.24-20.13.54:259][  0]LogInit: Going up to parent DeviceProfile []
[2018.09.24-20.13.54:260][  0]LogInit: Computer: MSI
[2018.09.24-20.13.54:260][  0]LogInit: User: Michaellaptop
[2018.09.24-20.13.54:260][  0]LogInit: CPU Page size=4096, Cores=4
[2018.09.24-20.13.54:260][  0]LogInit: High frequency timer resolution =2.742191 MHz
[2018.09.24-20.13.54:260][  0]LogMemory: Memory total: Physical=15.9GB (16GB approx)
[2018.09.24-20.13.54:260][  0]LogMemory: Platform Memory Stats for Windows
[2018.09.24-20.13.54:260][  0]LogMemory: Process Physical Memory: 100.79 MB used, 100.79 MB peak
[2018.09.24-20.13.54:260][  0]LogMemory: Process Virtual Memory: 93.00 MB used, 93.00 MB peak
[2018.09.24-20.13.54:260][  0]LogMemory: Physical Memory: 4770.68 MB used,  11498.25 MB free, 16268.93 MB total
[2018.09.24-20.13.54:260][  0]LogMemory: Virtual Memory: 4630.76 MB used,  11498.25 MB free, 134217728.00 MB total
[2018.09.24-20.13.54:290][  0]LogInit: Using OS detected language (en-US).
[2018.09.24-20.13.54:290][  0]LogInit: Using OS detected locale (en-CA).
[2018.09.24-20.13.54:291][  0]LogTextLocalizationManager: No specific localization for 'en-US' exists, so the 'en' localization will be used.
[2018.09.24-20.13.54:667][  0]LogStreaming: Display: Took  0.377s to InitEngineTextLocalization.
[2018.09.24-20.13.54:667][  0]LogInit: Setting process to per monitor DPI aware
[2018.09.24-20.13.54:711][  0]LogSlate: New Slate User Created.  User Index 0, Is Virtual User: 0
[2018.09.24-20.13.54:712][  0]LogSlate: Slate User Registered.  User Index 0, Is Virtual User: 0
[2018.09.24-20.13.55:033][  0]LogD3D11RHI: D3D11 adapters:
[2018.09.24-20.13.55:123][  0]LogD3D11RHI:    0. 'NVIDIA GeForce GTX 1070' (Feature Level 11_0)
[2018.09.24-20.13.55:123][  0]LogD3D11RHI:       8081/0/8134 MB DedicatedVideo/DedicatedSystem/SharedSystem, Outputs:1, VendorId:0x10de
[2018.09.24-20.13.55:136][  0]LogD3D11RHI:    1. 'Intel(R) HD Graphics 630' (Feature Level 11_0)
[2018.09.24-20.13.55:136][  0]LogD3D11RHI:       128/0/8134 MB DedicatedVideo/DedicatedSystem/SharedSystem, Outputs:0, VendorId:0x8086
[2018.09.24-20.13.55:139][  0]LogD3D11RHI:    2. 'Microsoft Basic Render Driver' (Feature Level 11_0)
[2018.09.24-20.13.55:139][  0]LogD3D11RHI:       0/0/8134 MB DedicatedVideo/DedicatedSystem/SharedSystem, Outputs:0, VendorId:0x1414
[2018.09.24-20.13.55:139][  0]LogD3D11RHI: Chosen D3D11 Adapter: 0
[2018.09.24-20.13.55:169][  0]LogD3D11RHI: Creating new Direct3DDevice
[2018.09.24-20.13.55:170][  0]LogD3D11RHI:     GPU DeviceId: 0x1ba1 (for the marketing name, search the web for "GPU Device Id")
[2018.09.24-20.13.55:170][  0]LogWindows: EnumDisplayDevices:
[2018.09.24-20.13.55:170][  0]LogWindows:    0. 'Intel(R) HD Graphics 630' (P:1 D:1)
[2018.09.24-20.13.55:170][  0]LogWindows:    1. 'Intel(R) HD Graphics 630' (P:0 D:0)
[2018.09.24-20.13.55:171][  0]LogWindows:    2. 'Intel(R) HD Graphics 630' (P:0 D:0)
[2018.09.24-20.13.55:171][  0]LogWindows:    3. 'NVIDIA GeForce GTX 1070' (P:0 D:0)
[2018.09.24-20.13.55:171][  0]LogWindows:    4. 'NVIDIA GeForce GTX 1070' (P:0 D:0)
[2018.09.24-20.13.55:172][  0]LogWindows:    5. 'NVIDIA GeForce GTX 1070' (P:0 D:0)
[2018.09.24-20.13.55:172][  0]LogWindows:    6. 'NVIDIA GeForce GTX 1070' (P:0 D:0)
[2018.09.24-20.13.55:173][  0]LogWindows: DebugString: PrimaryIsNotTheChoosenAdapter PrimaryIsNotTheChoosenAdapter PrimaryIsNotTheChoosenAdapter FoundDriverCount:4 
[2018.09.24-20.13.55:173][  0]LogD3D11RHI:     Adapter Name: NVIDIA GeForce GTX 1070
[2018.09.24-20.13.55:173][  0]LogD3D11RHI:   Driver Version: 411.63 (internal:24.21.14.1163, unified:411.63)
[2018.09.24-20.13.55:173][  0]LogD3D11RHI:      Driver Date: 9-18-2018
[2018.09.24-20.13.55:173][  0]LogRHI: Texture pool is 5656 MB (70% of 8081 MB)
[2018.09.24-20.13.55:227][  0]LogD3D11RHI: Async texture creation enabled
[2018.09.24-20.13.55:250][  0]LogD3D11RHI: GPU Timing Frequency: 1000.000000 (Debug: 2 2)
[2018.09.24-20.13.55:252][  0]LogShaderCompilers: Guid format shader working directory is -10 characters bigger than the processId version (C:/Users/Michael_laptop/Desktop/UnityProjects/AirCity/AIrShipCity/Intermediate/Shaders/WorkingDirectory/5920/).
[2018.09.24-20.13.55:252][  0]LogShaderCompilers: Cleaned the shader compiler working directory 'C:/Users/Michael_laptop/AppData/Local/Temp/UnrealShaderWorkingDir/8835C6CB4A9167ADA8286280A5045ED0/'.
[2018.09.24-20.13.55:570][  0]LogTemp: Display: Loaded TP AllDesktopTargetPlatform
[2018.09.24-20.13.55:584][  0]LogTemp: Display: Loaded TP MacClientTargetPlatform
[2018.09.24-20.13.55:597][  0]LogTemp: Display: Loaded TP MacNoEditorTargetPlatform
[2018.09.24-20.13.55:611][  0]LogTemp: Display: Loaded TP MacServerTargetPlatform
[2018.09.24-20.13.55:625][  0]LogTemp: Display: Loaded TP MacTargetPlatform
[2018.09.24-20.13.55:638][  0]LogTemp: Display: Loaded TP WindowsClientTargetPlatform
[2018.09.24-20.13.55:652][  0]LogTemp: Display: Loaded TP WindowsNoEditorTargetPlatform
[2018.09.24-20.13.55:665][  0]LogTemp: Display: Loaded TP WindowsServerTargetPlatform
[2018.09.24-20.13.55:671][  0]LogTemp: Display: Loaded TP WindowsTargetPlatform
[2018.09.24-20.13.55:753][  0]LogTemp: Display: Loaded TP AndroidTargetPlatform
[2018.09.24-20.13.55:753][  0]LogTemp: Display: Loaded TP AndroidTargetPlatform
[2018.09.24-20.13.55:753][  0]LogTemp: Display: Loaded TP AndroidTargetPlatform
[2018.09.24-20.13.55:753][  0]LogTemp: Display: Loaded TP AndroidTargetPlatform
[2018.09.24-20.13.55:753][  0]LogTemp: Display: Loaded TP AndroidTargetPlatform
[2018.09.24-20.13.55:753][  0]LogTemp: Display: Loaded TP AndroidTargetPlatform
[2018.09.24-20.13.55:753][  0]LogTemp: Display: Loaded TP AndroidTargetPlatform
[2018.09.24-20.13.55:753][  0]LogTemp: Display: Loaded TP AndroidTargetPlatform
[2018.09.24-20.13.55:753][  0]LogTemp: Display: Loaded TP AndroidTargetPlatform
[2018.09.24-20.13.55:753][  0]LogTemp: Display: Loaded TP AndroidTargetPlatform
[2018.09.24-20.13.55:753][  0]LogTemp: Display: Loaded TP AndroidTargetPlatform
[2018.09.24-20.13.55:753][  0]LogTemp: Display: Loaded TP AndroidTargetPlatform
[2018.09.24-20.13.55:753][  0]LogTemp: Display: Loaded TP AndroidTargetPlatform
[2018.09.24-20.13.55:753][  0]LogTemp: Display: Loaded TP AndroidTargetPlatform
[2018.09.24-20.13.55:753][  0]LogTemp: Display: Loaded TP AndroidTargetPlatform
[2018.09.24-20.13.55:753][  0]LogTemp: Display: Loaded TP AndroidTargetPlatform
[2018.09.24-20.13.55:753][  0]LogTemp: Display: Loaded TP AndroidTargetPlatform
[2018.09.24-20.13.55:753][  0]LogTemp: Display: Loaded TP AndroidTargetPlatform
[2018.09.24-20.13.55:754][  0]LogTemp: Display: Loaded TP HTML5TargetPlatform
[2018.09.24-20.13.55:816][  0]LogTemp: Display: Loaded TP IOSTargetPlatform
[2018.09.24-20.13.55:816][  0]LogTemp: Display: Loaded TP IOSTargetPlatform
[2018.09.24-20.13.55:840][  0]LogTemp: Display: Loaded TP TVOSTargetPlatform
[2018.09.24-20.13.55:840][  0]LogTemp: Display: Loaded TP TVOSTargetPlatform
[2018.09.24-20.13.55:853][  0]LogTemp: Display: Loaded TP LinuxClientTargetPlatform
[2018.09.24-20.13.55:866][  0]LogTemp: Display: Loaded TP LinuxNoEditorTargetPlatform
[2018.09.24-20.13.55:880][  0]LogTemp: Display: Loaded TP LinuxServerTargetPlatform
[2018.09.24-20.13.55:893][  0]LogTemp: Display: Loaded TP LinuxTargetPlatform
[2018.09.24-20.13.55:903][  0]LogTemp: Display: Loaded TP LuminTargetPlatform
[2018.09.24-20.13.55:903][  0]LogTargetPlatformManager: Display: Building Assets For Windows
[2018.09.24-20.13.55:962][  0]LogXGEController: Cannot use XGE Controller as Incredibuild is not installed on this machine.
[2018.09.24-20.13.55:962][  0]LogShaderCompilers: Cannot use XGE Shader Compiler as Incredibuild is not installed on this machine.
[2018.09.24-20.13.55:962][  0]LogShaderCompilers: Display: Using Local Shader Compiler.
[2018.09.24-20.13.56:665][  0]LogDerivedDataCache: Display: Max Cache Size: 512 MB
[2018.09.24-20.13.56:719][  0]LogDerivedDataCache: Loaded boot cache 0.05s 68MB C:/Users/Michael_laptop/AppData/Local/UnrealEngine/4.20/DerivedDataCache/Boot.ddc.
[2018.09.24-20.13.56:719][  0]LogDerivedDataCache: Display: Loaded Boot cache: C:/Users/Michael_laptop/AppData/Local/UnrealEngine/4.20/DerivedDataCache/Boot.ddc
[2018.09.24-20.13.56:719][  0]LogDerivedDataCache: FDerivedDataBackendGraph:  Pak pak cache file C:/Users/Michael_laptop/Desktop/UnityProjects/AirCity/AIrShipCity/DerivedDataCache/DDC.ddp not found, will not use a pak cache.
[2018.09.24-20.13.56:719][  0]LogDerivedDataCache: Unable to find inner node Pak for hierarchical cache Hierarchy.
[2018.09.24-20.13.56:720][  0]LogDerivedDataCache: FDerivedDataBackendGraph:  CompressedPak pak cache file C:/Users/Michael_laptop/Desktop/UnityProjects/AirCity/AIrShipCity/DerivedDataCache/Compressed.ddp not found, will not use a pak cache.
[2018.09.24-20.13.56:720][  0]LogDerivedDataCache: Unable to find inner node CompressedPak for hierarchical cache Hierarchy.
[2018.09.24-20.13.56:733][  0]LogDerivedDataCache: Display: Pak cache opened for reading ../../../Engine/DerivedDataCache/Compressed.ddp.
[2018.09.24-20.13.56:746][  0]LogDerivedDataCache: Using Local data cache path C:/Users/Michael_laptop/AppData/Local/UnrealEngine/Common/DerivedDataCache: Writable
[2018.09.24-20.13.56:746][  0]LogDerivedDataCache: Shared data cache path not found in *engine.ini, will not use an Shared cache.
[2018.09.24-20.13.56:746][  0]LogDerivedDataCache: Unable to find inner node Shared for hierarchical cache Hierarchy.
[2018.09.24-20.13.56:765][  0]LogMaterial: Verifying Global Shaders for PCD3D_SM5
[2018.09.24-20.13.56:767][  0]LogSlate: Using FreeType 2.6.0
[2018.09.24-20.13.56:768][  0]LogSlate: SlateFontServices - WITH_FREETYPE: 1, WITH_HARFBUZZ: 1
[2018.09.24-20.13.56:855][  0]LogAssetRegistry: FAssetRegistry took 0.0265 seconds to start up
[2018.09.24-20.13.57:181][  0]LogInit: Selected Device Profile: [Windows]
[2018.09.24-20.13.57:237][  0]LogSimplygon: Simplygon DLL not present - disabling.
[2018.09.24-20.13.57:241][  0]LogMeshReduction: Using SimplygonSwarm for distributed automatic mesh merging
[2018.09.24-20.13.57:241][  0]LogMeshReduction: Using ProxyLODMeshReduction for automatic mesh merging
[2018.09.24-20.13.57:241][  0]LogMeshReduction: Using QuadricMeshReduction for automatic static mesh reduction
[2018.09.24-20.13.57:241][  0]LogMeshReduction: No automatic skeletal mesh reduction module available
[2018.09.24-20.13.57:335][  0]LogNetVersion: AIrShipCity 1.0.0, NetCL: 4212847, EngineNetVer: 5, GameNetVer: 0 (Checksum: 2226790880)
[2018.09.24-20.13.57:884][  0]LogPackageLocalizationCache: Processed 9 localized package path(s) for 2 prioritized culture(s) in 0.128220 seconds
[2018.09.24-20.13.57:892][  0]LogUObjectArray: 37967 objects as part of root set at end of initial load.
[2018.09.24-20.13.57:892][  0]LogUObjectAllocator: 6605928 out of 0 bytes used by permanent object pool.
[2018.09.24-20.13.57:892][  0]LogUObjectArray: CloseDisregardForGC: 0/0 objects in disregard for GC pool
[2018.09.24-20.13.58:877][  0]LogSubstanceCoreModule: Substance [CPU] Engine Loaded, Max Texture Size = 2048
[2018.09.24-20.13.58:880][  0]LogTcpMessaging: Initializing TcpMessaging bridge
[2018.09.24-20.13.58:895][  0]LogUdpMessaging: Initializing bridge on interface 0.0.0.0:0 to multicast group 230.0.0.1:6666.
[2018.09.24-20.13.59:020][  0]SourceControl: Source control is disabled
[2018.09.24-20.13.59:020][  0]SourceControl: Source control is disabled
[2018.09.24-20.13.59:022][  0]SourceControl: Source control is disabled
[2018.09.24-20.13.59:023][  0]SourceControl: Source control is disabled
[2018.09.24-20.13.59:200][  0]LogAndroidPermission: UAndroidPermissionCallbackProxy::GetInstance
[2018.09.24-20.13.59:406][  0]LogEngine: Initializing Engine...
[2018.09.24-20.13.59:408][  0]LogStats: UGameplayTagsManager::ConstructGameplayTagTree: ImportINI prefixes -  0.000 s
[2018.09.24-20.13.59:408][  0]LogStats: UGameplayTagsManager::ConstructGameplayTagTree: Construct from data asset -  0.000 s
[2018.09.24-20.13.59:408][  0]LogStats: UGameplayTagsManager::ConstructGameplayTagTree: ImportINI -  0.000 s
[2018.09.24-20.13.59:408][  0]LogStats: UGameplayTagsManager::ConstructGameplayTagTree: GameplayTagTreeChangedEvent.Broadcast -  0.000 s
[2018.09.24-20.13.59:641][  0]LogInit: Initializing FReadOnlyCVARCache
[2018.09.24-20.13.59:652][  0]LogAIModule: Creating AISystem for world Untitled
[2018.09.24-20.13.59:665][  0]LogInit: XAudio2 using 'Speakers (Realtek High Definition Audio)' : 2 channels at 48 kHz using 32 bits per sample (channel mask 0x3)
[2018.09.24-20.13.59:829][  0]LogInit: FAudioDevice initialized.
[2018.09.24-20.13.59:830][  0]LogNetVersion: Set ProjectVersion to 1.0.0.0. Version Checksum will be recalculated on next use.
[2018.09.24-20.13.59:881][  0]LogDerivedDataCache: Saved boot cache 0.05s 68MB C:/Users/Michael_laptop/AppData/Local/UnrealEngine/4.20/DerivedDataCache/Boot.ddc.
[2018.09.24-20.13.59:882][  0]LogInit: Texture streaming: Enabled
[2018.09.24-20.13.59:901][  0]LogEngineSessionManager: EngineSessionManager initialized
[2018.09.24-20.13.59:912][  0]LogInit: Transaction tracking system initialized
[2018.09.24-20.13.59:934][  0]BlueprintLog: New page: Editor Load
[2018.09.24-20.14.00:023][  0]LocalizationService: Localization service is disabled
[2018.09.24-20.14.00:297][  0]LogCook: Display: Max memory allowance for cook 16384mb min free memory 0mb
[2018.09.24-20.14.00:297][  0]LogCook: Display: Mobile HDR setting 1
[2018.09.24-20.14.00:297][  0]LogGameplayTags: Display: UGameplayTagsManager::DoneAddingNativeTags. DelegateIsBound: 0
[2018.09.24-20.14.00:297][  0]LogStats: UGameplayTagsManager::ConstructGameplayTagTree: ImportINI prefixes -  0.000 s
[2018.09.24-20.14.00:297][  0]LogStats: UGameplayTagsManager::ConstructGameplayTagTree: Construct from data asset -  0.000 s
[2018.09.24-20.14.00:297][  0]LogStats: UGameplayTagsManager::ConstructGameplayTagTree: ImportINI -  0.000 s
[2018.09.24-20.14.00:297][  0]LogStats: UGameplayTagsManager::ConstructGameplayTagTree: GameplayTagTreeChangedEvent.Broadcast -  0.000 s
[2018.09.24-20.14.00:422][  0]LogFileCache: Scanning file cache for directory 'C:/Users/Michael_laptop/Desktop/UnityProjects/AirCity/AIrShipCity/Content/' took 0.04s
[2018.09.24-20.14.00:422][  0]SourceControl: Source control is disabled
[2018.09.24-20.14.00:422][  0]Cmd: MAP LOAD FILE="C:/Users/Michael_laptop/Desktop/UnityProjects/AirCity/AIrShipCity/Content/FirstPersonBP/Maps/TestMap.umap" TEMPLATE=0 SHOWPROGRESS=1 FEATURELEVEL=3
[2018.09.24-20.14.00:423][  0]LightingResults: New page: Lighting Build
[2018.09.24-20.14.00:426][  0]MapCheck: New page: Map Check
[2018.09.24-20.14.00:426][  0]LightingResults: New page: Lighting Build
[2018.09.24-20.14.01:185][  0]LogAIModule: Creating AISystem for world TestMap
[2018.09.24-20.14.01:198][  0]LogEditorServer: Finished looking for orphan Actors (0.000 secs)
[2018.09.24-20.14.01:223][  0]Cmd: MAP CHECKDEP NOCLEARLOG
[2018.09.24-20.14.01:319][  0]MapCheck: Map check complete: 0 Error(s), 0 Warning(s), took 95.888ms to complete.
[2018.09.24-20.14.01:319][  0]LogFileHelpers: Loading map 'TestMap' took 0.897
[2018.09.24-20.14.01:415][  0]LogSlate: Updating window title bar state: overlay mode, drag disabled, window buttons hidden, title bar hidden
[2018.09.24-20.14.01:424][  0]LogSlate: Updating window title bar state: overlay mode, drag disabled, window buttons hidden, title bar hidden
[2018.09.24-20.14.01:432][  0]LogSlate: Updating window title bar state: overlay mode, drag disabled, window buttons hidden, title bar hidden
[2018.09.24-20.14.01:438][  0]LogSlate: Updating window title bar state: overlay mode, drag disabled, window buttons hidden, title bar hidden
[2018.09.24-20.14.01:444][  0]LogCollectionManager: Loaded 0 collections in 0.001434 seconds
[2018.09.24-20.14.01:491][  0]LogFileCache: Scanning file cache for directory 'C:/Users/Michael_laptop/Desktop/UnityProjects/AirCity/AIrShipCity/Saved/Collections/' took 0.01s
[2018.09.24-20.14.01:491][  0]LogFileCache: Scanning file cache for directory 'C:/Users/Michael_laptop/Desktop/UnityProjects/AirCity/AIrShipCity/Content/Developers/Michaellaptop/Collections/' took 0.01s
[2018.09.24-20.14.01:491][  0]LogFileCache: Scanning file cache for directory 'C:/Users/Michael_laptop/Desktop/UnityProjects/AirCity/AIrShipCity/Content/Collections/' took 0.01s
[2018.09.24-20.14.01:491][  0]LogCollectionManager: Rebuilt the GUID cache for 0 collections in 0.000001 seconds
[2018.09.24-20.14.01:502][  0]LogContentBrowser: Native class hierarchy populated in 0.0105 seconds. Added 2579 classes and 600 folders.
[2018.09.24-20.14.01:508][  0]LogContentBrowser: Native class hierarchy updated for 'WidgetCarousel' in 0.0003 seconds. Added 0 classes and 0 folders.
[2018.09.24-20.14.01:574][  0]LogContentBrowser: Native class hierarchy updated for 'AddContentDialog' in 0.0003 seconds. Added 0 classes and 0 folders.
[2018.09.24-20.14.01:578][  0]LogContentBrowser: Native class hierarchy updated for 'SceneOutliner' in 0.0002 seconds. Added 1 classes and 2 folders.
[2018.09.24-20.14.02:537][  0]LogSlate: Only BGRA pngs, bmps or icos are supported in by External Image Picker
[2018.09.24-20.14.02:587][  0]LogSlate: Took 0.000317 seconds to synchronously load lazily loaded font '../../../Engine/Content/Slate/Fonts/Roboto-Regular.ttf' (155K)
[2018.09.24-20.14.02:591][  0]LogSlate: Took 0.000411 seconds to synchronously load lazily loaded font '../../../Engine/Content/Slate/Fonts/Roboto-Bold.ttf' (160K)
[2018.09.24-20.14.02:600][  0]LogSlate: Took 0.000342 seconds to synchronously load lazily loaded font '../../../Engine/Content/Editor/Slate/Fonts/FontAwesome.ttf' (139K)
[2018.09.24-20.14.02:695][  0]LogTemp: Executing iPhonePackager certificates Engine -bundlename com.YourCompany.AIrShipCity
[2018.09.24-20.14.02:695][  0]LogTemp: CWD: D:\EpicGames\UE_4.20\Engine\Binaries\DotNET\IOS
[2018.09.24-20.14.02:695][  0]LogTemp: Initial Dir: D:\EpicGames\UE_4.20
[2018.09.24-20.14.02:695][  0]LogTemp: Env CWD: D:\EpicGames\UE_4.20\Engine\Binaries\DotNET\IOS
[2018.09.24-20.14.02:695][  0]LogTemp: BranchPath = MSI/D/EpicGames/UE_4.20/Engine/Binaries --- GameBranchPath = MSI/D/EpicGames/UE_4.20/Engine/Binaries
[2018.09.24-20.14.02:695][  0]LogTemp: IPP ERROR: Could not find provision directory 'C:\Users\Michael_laptop\AppData\Local/Apple Computer/MobileDevice/Provisioning Profiles/'.
[2018.09.24-20.14.02:695][  0]LogRenderer: Reallocating scene render targets to support 1208x660 Format 10 NumSamples 1 (Frame:1).
[2018.09.24-20.14.02:842][  0]LogContentBrowser: Native class hierarchy updated for 'HierarchicalLODOutliner' in 0.0002 seconds. Added 0 classes and 0 folders.
[2018.09.24-20.14.02:842][  0]LogLoad: (Engine Initialization) Total time: 10.64 seconds
[2018.09.24-20.14.02:842][  0]LogLoad: (Engine Initialization) Total Blueprint compile time: 0.00 seconds
[2018.09.24-20.14.02:862][  0]LogWindowsTextInputMethodSystem: Display: IME system now deactivated.
[2018.09.24-20.14.02:887][  0]LogContentStreaming: Texture pool size now 1000 MB
[2018.09.24-20.14.02:913][  0]LogSlate: Took 0.000266 seconds to synchronously load lazily loaded font '../../../Engine/Content/Slate/Fonts/Roboto-Light.ttf' (167K)
[2018.09.24-20.14.02:927][  1]LogSubstanceLiveLink: Warning: Unable to send data along socket, closing connection
[2018.09.24-20.14.03:022][  2]LogAssetRegistry: Asset discovery search completed in 6.1893 seconds
[2018.09.24-20.14.03:024][  2]LogCollectionManager: Rebuilt the object cache for 0 collections in 0.000000 seconds (found 0 objects)
[2018.09.24-20.14.03:024][  2]LogCollectionManager: Fixed up redirectors for 0 collections in 0.000079 seconds (updated 0 objects)
[2018.09.24-20.14.03:891][ 53]LogSlate: Took 0.000746 seconds to synchronously load lazily loaded font '../../../Engine/Content/Slate/Fonts/Roboto-Light.ttf' (167K)
[2018.09.24-20.14.06:924][235]LogSlate: FSceneViewport::OnFocusLost() reason 0
[2018.09.24-20.14.15:491][720]LogAIModule: Creating AISystem for world AirShip
[2018.09.24-20.14.15:504][720]LogAssetEditorManager: Opening Asset editor for World /Game/Maps/Level/AirShip.AirShip
[2018.09.24-20.14.15:529][720]Cmd: MAP LOAD FILE="C:/Users/Michael_laptop/Desktop/UnityProjects/AirCity/AIrShipCity/Content/Maps/Level/AirShip.umap" TEMPLATE=0 SHOWPROGRESS=1 FEATURELEVEL=3
[2018.09.24-20.14.15:529][720]LightingResults: New page: Lighting Build
[2018.09.24-20.14.15:529][720]LoadErrors: New page: Loading map: AirShip.umap
[2018.09.24-20.14.15:530][720]MapCheck: New page: Map Check
[2018.09.24-20.14.15:530][720]LightingResults: New page: Lighting Build
[2018.09.24-20.14.15:563][720]LogEditorServer: Finished looking for orphan Actors (0.000 secs)
[2018.09.24-20.14.15:608][720]Cmd: MAP CHECKDEP NOCLEARLOG
[2018.09.24-20.14.15:739][720]MapCheck: Map check complete: 0 Error(s), 0 Warning(s), took 130.707ms to complete.
[2018.09.24-20.14.15:741][720]LogFileHelpers: Loading map 'AirShip' took 0.213
[2018.09.24-20.14.28:186][463]LogSlate: FSceneViewport::OnFocusLost() reason 0
[2018.09.24-20.14.38:939][ 76]LogSavePackage: Moving 'C:/Users/Michael_laptop/Desktop/UnityProjects/AirCity/AIrShipCity/Saved/SteamStack_01_-_Default_BaseColo428DBB394BDFCFE456660F937C035F50.tmp' to 'C:/Users/Michael_laptop/Desktop/UnityProjects/AirCity/AIrShipCity/Content/Justin/Texturs/SteamStack_01_-_Default_BaseColor.uasset'
[2018.09.24-20.14.38:983][ 76]LogSavePackage: Moving 'C:/Users/Michael_laptop/Desktop/UnityProjects/AirCity/AIrShipCity/Saved/SteamStack_01_-_Default_BaseColo4B8EACBB4EB5B0951FBD5A833F8884FB.tmp' to 'C:/Users/Michael_laptop/Desktop/UnityProjects/AirCity/AIrShipCity/Content/Justin/Texturs/SteamStack_01_-_Default_BaseColor_Mat.uasset'
[2018.09.24-20.14.39:017][ 76]LogSavePackage: Moving 'C:/Users/Michael_laptop/Desktop/UnityProjects/AirCity/AIrShipCity/Saved/SteamStack_01_-_Default_Height11EDA5D642D2F66481EBBA8E843DDAAA.tmp' to 'C:/Users/Michael_laptop/Desktop/UnityProjects/AirCity/AIrShipCity/Content/Justin/Texturs/SteamStack_01_-_Default_Height.uasset'
[2018.09.24-20.14.39:047][ 76]LogSavePackage: Moving 'C:/Users/Michael_laptop/Desktop/UnityProjects/AirCity/AIrShipCity/Saved/SteamStack_01_-_Default_Metallic4E08C417482379DF1B01A6B32DD04B6C.tmp' to 'C:/Users/Michael_laptop/Desktop/UnityProjects/AirCity/AIrShipCity/Content/Justin/Texturs/SteamStack_01_-_Default_Metallic.uasset'
[2018.09.24-20.14.39:107][ 76]LogSavePackage: Moving 'C:/Users/Michael_laptop/Desktop/UnityProjects/AirCity/AIrShipCity/Saved/SteamStack_01_-_Default_Normal2EB033384D879576CADFAEAA9572ECDA.tmp' to 'C:/Users/Michael_laptop/Desktop/UnityProjects/AirCity/AIrShipCity/Content/Justin/Texturs/SteamStack_01_-_Default_Normal.uasset'
[2018.09.24-20.14.39:152][ 76]LogSavePackage: Moving 'C:/Users/Michael_laptop/Desktop/UnityProjects/AirCity/AIrShipCity/Saved/SteamStack_01_-_Default_RoughnesCF54A2E34C360A70DBCA9B90BF117E70.tmp' to 'C:/Users/Michael_laptop/Desktop/UnityProjects/AirCity/AIrShipCity/Content/Justin/Texturs/SteamStack_01_-_Default_Roughness.uasset'
[2018.09.24-20.14.39:612][ 76]Cmd: OBJ SAVEPACKAGE PACKAGE="/Game/Justin/SteamStack" FILE="C:/Users/Michael_laptop/Desktop/UnityProjects/AirCity/AIrShipCity/Content/Justin/SteamStack.uasset" SILENT=true
[2018.09.24-20.14.39:642][ 76]LogSavePackage: Moving 'C:/Users/Michael_laptop/Desktop/UnityProjects/AirCity/AIrShipCity/Saved/SteamStack712EE3A941C0B142E949CD8AD68A064C.tmp' to 'C:/Users/Michael_laptop/Desktop/UnityProjects/AirCity/AIrShipCity/Content/Justin/SteamStack.uasset'
[2018.09.24-20.14.43:672][311]LogSlate: Took 0.000235 seconds to synchronously load lazily loaded font '../../../Engine/Content/Slate/Fonts/Roboto-Italic.ttf' (157K)
[2018.09.24-20.14.44:454][358]LogSlate: FSceneViewport::OnFocusLost() reason 0
[2018.09.24-20.14.57:463][135]LogEditorViewport: Clicking on Actor (LMB): StaticMeshActor (AirShipFloor2)
[2018.09.24-20.15.44:057][897]LogSlate: FSceneViewport::OnFocusLost() reason 0
[2018.09.24-20.15.44:206][906]LogTemp: Repeating last play command: Selected Viewport
[2018.09.24-20.15.44:221][906]LogBlueprintUserMessages: Early PlayInEditor Detection: Level '/Game/Maps/Level/AirShip.AirShip:PersistentLevel' has LevelScriptBlueprint '/Game/Maps/Level/AirShip.AirShip:PersistentLevel.AirShip' with GeneratedClass '/Game/Maps/Level/AirShip.AirShip_C' with ClassGeneratedBy '/Game/Maps/Level/AirShip.AirShip:PersistentLevel.AirShip'
[2018.09.24-20.15.44:221][906]LogPlayLevel: PlayLevel: No blueprints needed recompiling
[2018.09.24-20.15.44:234][906]PIE: New page: PIE session: AirShip (Sep 24, 2018, 12:15:44 PM)
[2018.09.24-20.15.44:234][906]LogPlayLevel: Creating play world package: /Game/Maps/Level/UEDPIE_0_AirShip
[2018.09.24-20.15.44:246][906]LogPlayLevel: PIE: StaticDuplicateObject took: (0.012761s)
[2018.09.24-20.15.44:247][906]LogAIModule: Creating AISystem for world AirShip
[2018.09.24-20.15.44:247][906]LogPlayLevel: PIE: World Init took: (0.001054s)
[2018.09.24-20.15.44:247][906]LogPlayLevel: PIE: Created PIE world by copying editor world from /Game/Maps/Level/AirShip.AirShip to /Game/Maps/Level/UEDPIE_0_AirShip.AirShip (0.014022s)
[2018.09.24-20.15.44:279][906]LogInit: XAudio2 using 'Speakers (Realtek High Definition Audio)' : 2 channels at 48 kHz using 32 bits per sample (channel mask 0x3)
[2018.09.24-20.15.44:336][906]LogInit: FAudioDevice initialized.
[2018.09.24-20.15.44:377][906]LogLoad: Game class is 'FirstPersonGameMode_C'
[2018.09.24-20.15.44:380][906]LogWorld: Bringing World /Game/Maps/Level/UEDPIE_0_AirShip.AirShip up for play (max tick rate 60) at 2018.09.24-16.15.44
[2018.09.24-20.15.44:381][906]LogWorld: Bringing up level for play took: 0.002370
[2018.09.24-20.15.44:399][906]LogContentBrowser: Native class hierarchy updated for 'MovieSceneCapture' in 0.0003 seconds. Added 10 classes and 0 folders.
[2018.09.24-20.15.44:399][906]PIE: Play in editor start time for /Game/Maps/Level/UEDPIE_0_AirShip 0.956
[2018.09.24-20.15.44:400][906]LogBlueprintUserMessages: Late PlayInEditor Detection: Level '/Game/Maps/Level/AirShip.AirShip:PersistentLevel' has LevelScriptBlueprint '/Game/Maps/Level/AirShip.AirShip:PersistentLevel.AirShip' with GeneratedClass '/Game/Maps/Level/AirShip.AirShip_C' with ClassGeneratedBy '/Game/Maps/Level/AirShip.AirShip:PersistentLevel.AirShip'
[2018.09.24-20.16.04:744][125]LogBlueprintUserMessages: Early EndPlayMap Detection: Level '/Game/Maps/Level/AirShip.AirShip:PersistentLevel' has LevelScriptBlueprint '/Game/Maps/Level/AirShip.AirShip:PersistentLevel.AirShip' with GeneratedClass '/Game/Maps/Level/AirShip.AirShip_C' with ClassGeneratedBy '/Game/Maps/Level/AirShip.AirShip:PersistentLevel.AirShip'
[2018.09.24-20.16.04:745][125]LogSlate: Updating window title bar state: overlay mode, drag disabled, window buttons hidden, title bar hidden
[2018.09.24-20.16.04:780][125]LogPlayLevel: Display: Shutting down PIE online subsystems
[2018.09.24-20.16.04:780][125]LogBlueprintUserMessages: Late EndPlayMap Detection: Level '/Game/Maps/Level/AirShip.AirShip:PersistentLevel' has LevelScriptBlueprint '/Game/Maps/Level/AirShip.AirShip:PersistentLevel.AirShip' with GeneratedClass '/Game/Maps/Level/AirShip.AirShip_C' with ClassGeneratedBy '/Game/Maps/Level/AirShip.AirShip:PersistentLevel.AirShip'
[2018.09.24-20.16.04:806][125]LogSlate: Updating window title bar state: overlay mode, drag disabled, window buttons hidden, title bar hidden
[2018.09.24-20.16.04:844][127]LogPlayLevel: Display: Destroying online subsystem :Context_6
[2018.09.24-20.16.36:835][ 46]LogEditorViewport: Clicking on Actor (LMB): SkeletalMeshActor (SteamStack)
[2018.09.24-20.17.24:260][878]LogEditorViewport: Clicking on Actor (LMB): StaticMeshActor (AirShipFloor2)
[2018.09.24-20.17.26:153][984]LogSlate: FSceneViewport::OnFocusLost() reason 0
[2018.09.24-20.17.26:253][990]LogTemp: Repeating last play command: Selected Viewport
[2018.09.24-20.17.26:270][990]LogBlueprintUserMessages: Early PlayInEditor Detection: Level '/Game/Maps/Level/AirShip.AirShip:PersistentLevel' has LevelScriptBlueprint '/Game/Maps/Level/AirShip.AirShip:PersistentLevel.AirShip' with GeneratedClass '/Game/Maps/Level/AirShip.AirShip_C' with ClassGeneratedBy '/Game/Maps/Level/AirShip.AirShip:PersistentLevel.AirShip'
[2018.09.24-20.17.26:270][990]LogPlayLevel: PlayLevel: No blueprints needed recompiling
[2018.09.24-20.17.26:270][990]PIE: New page: PIE session: AirShip (Sep 24, 2018, 12:17:26 PM)
[2018.09.24-20.17.26:270][990]LogPlayLevel: Creating play world package: /Game/Maps/Level/UEDPIE_0_AirShip
[2018.09.24-20.17.26:282][990]LogPlayLevel: PIE: StaticDuplicateObject took: (0.011790s)
[2018.09.24-20.17.26:283][990]LogAIModule: Creating AISystem for world AirShip
[2018.09.24-20.17.26:283][990]LogPlayLevel: PIE: World Init took: (0.001082s)
[2018.09.24-20.17.26:283][990]LogPlayLevel: PIE: Created PIE world by copying editor world from /Game/Maps/Level/AirShip.AirShip to /Game/Maps/Level/UEDPIE_0_AirShip.AirShip (0.013115s)
[2018.09.24-20.17.26:314][990]LogInit: XAudio2 using 'Speakers (Realtek High Definition Audio)' : 2 channels at 48 kHz using 32 bits per sample (channel mask 0x3)
[2018.09.24-20.17.26:370][990]LogInit: FAudioDevice initialized.
[2018.09.24-20.17.26:405][990]LogLoad: Game class is 'FirstPersonGameMode_C'
[2018.09.24-20.17.26:408][990]LogWorld: Bringing World /Game/Maps/Level/UEDPIE_0_AirShip.AirShip up for play (max tick rate 60) at 2018.09.24-16.17.26
[2018.09.24-20.17.26:409][990]LogWorld: Bringing up level for play took: 0.002463
[2018.09.24-20.17.26:422][990]PIE: Play in editor start time for /Game/Maps/Level/UEDPIE_0_AirShip 0.979
[2018.09.24-20.17.26:422][990]LogBlueprintUserMessages: Late PlayInEditor Detection: Level '/Game/Maps/Level/AirShip.AirShip:PersistentLevel' has LevelScriptBlueprint '/Game/Maps/Level/AirShip.AirShip:PersistentLevel.AirShip' with GeneratedClass '/Game/Maps/Level/AirShip.AirShip_C' with ClassGeneratedBy '/Game/Maps/Level/AirShip.AirShip:PersistentLevel.AirShip'
[2018.09.24-20.17.37:143][632]LogBlueprintUserMessages: [Locked_Door_2] Door is locked !
[2018.09.24-20.17.45:595][139]LogBlueprintUserMessages: Early EndPlayMap Detection: Level '/Game/Maps/Level/AirShip.AirShip:PersistentLevel' has LevelScriptBlueprint '/Game/Maps/Level/AirShip.AirShip:PersistentLevel.AirShip' with GeneratedClass '/Game/Maps/Level/AirShip.AirShip_C' with ClassGeneratedBy '/Game/Maps/Level/AirShip.AirShip:PersistentLevel.AirShip'
[2018.09.24-20.17.45:595][139]LogSlate: Updating window title bar state: overlay mode, drag disabled, window buttons hidden, title bar hidden
[2018.09.24-20.17.45:632][139]LogPlayLevel: Display: Shutting down PIE online subsystems
[2018.09.24-20.17.45:632][139]LogBlueprintUserMessages: Late EndPlayMap Detection: Level '/Game/Maps/Level/AirShip.AirShip:PersistentLevel' has LevelScriptBlueprint '/Game/Maps/Level/AirShip.AirShip:PersistentLevel.AirShip' with GeneratedClass '/Game/Maps/Level/AirShip.AirShip_C' with ClassGeneratedBy '/Game/Maps/Level/AirShip.AirShip:PersistentLevel.AirShip'
[2018.09.24-20.17.45:657][139]LogSlate: Updating window title bar state: overlay mode, drag disabled, window buttons hidden, title bar hidden
[2018.09.24-20.17.45:695][141]LogPlayLevel: Display: Destroying online subsystem :Context_7
[2018.09.24-20.17.47:906][273]LogEditorViewport: Clicking on Actor (LMB): StaticMeshActor (AirShipFloor2)
[2018.09.24-20.18.23:248][382]LogSlate: FSceneViewport::OnFocusLost() reason 0
[2018.09.24-20.18.23:381][390]LogTemp: Repeating last play command: Selected Viewport
[2018.09.24-20.18.23:396][390]LogBlueprintUserMessages: Early PlayInEditor Detection: Level '/Game/Maps/Level/AirShip.AirShip:PersistentLevel' has LevelScriptBlueprint '/Game/Maps/Level/AirShip.AirShip:PersistentLevel.AirShip' with GeneratedClass '/Game/Maps/Level/AirShip.AirShip_C' with ClassGeneratedBy '/Game/Maps/Level/AirShip.AirShip:PersistentLevel.AirShip'
[2018.09.24-20.18.23:397][390]LogPlayLevel: PlayLevel: No blueprints needed recompiling
[2018.09.24-20.18.23:397][390]PIE: New page: PIE session: AirShip (Sep 24, 2018, 12:18:23 PM)
[2018.09.24-20.18.23:397][390]LogPlayLevel: Creating play world package: /Game/Maps/Level/UEDPIE_0_AirShip
[2018.09.24-20.18.23:410][390]LogPlayLevel: PIE: StaticDuplicateObject took: (0.013121s)
[2018.09.24-20.18.23:411][390]LogAIModule: Creating AISystem for world AirShip
[2018.09.24-20.18.23:411][390]LogPlayLevel: PIE: World Init took: (0.000957s)
[2018.09.24-20.18.23:411][390]LogPlayLevel: PIE: Created PIE world by copying editor world from /Game/Maps/Level/AirShip.AirShip to /Game/Maps/Level/UEDPIE_0_AirShip.AirShip (0.014308s)
[2018.09.24-20.18.23:442][390]LogInit: XAudio2 using 'Speakers (Realtek High Definition Audio)' : 2 channels at 48 kHz using 32 bits per sample (channel mask 0x3)
[2018.09.24-20.18.23:498][390]LogInit: FAudioDevice initialized.
[2018.09.24-20.18.23:529][390]LogLoad: Game class is 'FirstPersonGameMode_C'
[2018.09.24-20.18.23:533][390]LogWorld: Bringing World /Game/Maps/Level/UEDPIE_0_AirShip.AirShip up for play (max tick rate 60) at 2018.09.24-16.18.23
[2018.09.24-20.18.23:533][390]LogWorld: Bringing up level for play took: 0.002260
[2018.09.24-20.18.23:546][390]PIE: Play in editor start time for /Game/Maps/Level/UEDPIE_0_AirShip 0.103
[2018.09.24-20.18.23:546][390]LogBlueprintUserMessages: Late PlayInEditor Detection: Level '/Game/Maps/Level/AirShip.AirShip:PersistentLevel' has LevelScriptBlueprint '/Game/Maps/Level/AirShip.AirShip:PersistentLevel.AirShip' with GeneratedClass '/Game/Maps/Level/AirShip.AirShip_C' with ClassGeneratedBy '/Game/Maps/Level/AirShip.AirShip:PersistentLevel.AirShip'
[2018.09.24-20.18.35:618][113]LogBlueprintUserMessages: Early EndPlayMap Detection: Level '/Game/Maps/Level/AirShip.AirShip:PersistentLevel' has LevelScriptBlueprint '/Game/Maps/Level/AirShip.AirShip:PersistentLevel.AirShip' with GeneratedClass '/Game/Maps/Level/AirShip.AirShip_C' with ClassGeneratedBy '/Game/Maps/Level/AirShip.AirShip:PersistentLevel.AirShip'
[2018.09.24-20.18.35:618][113]LogSlate: Updating window title bar state: overlay mode, drag disabled, window buttons hidden, title bar hidden
[2018.09.24-20.18.35:654][113]LogPlayLevel: Display: Shutting down PIE online subsystems
[2018.09.24-20.18.35:654][113]LogBlueprintUserMessages: Late EndPlayMap Detection: Level '/Game/Maps/Level/AirShip.AirShip:PersistentLevel' has LevelScriptBlueprint '/Game/Maps/Level/AirShip.AirShip:PersistentLevel.AirShip' with GeneratedClass '/Game/Maps/Level/AirShip.AirShip_C' with ClassGeneratedBy '/Game/Maps/Level/AirShip.AirShip:PersistentLevel.AirShip'
[2018.09.24-20.18.35:680][113]LogSlate: Updating window title bar state: overlay mode, drag disabled, window buttons hidden, title bar hidden
[2018.09.24-20.18.35:717][115]LogPlayLevel: Display: Destroying online subsystem :Context_8
[2018.09.24-20.18.43:586][587]LogSlate: FSceneViewport::OnFocusLost() reason 0
[2018.09.24-20.19.43:047][702]LogSlate: FSceneViewport::OnFocusLost() reason 0
[2018.09.24-20.20.19:563][836]LogActorFactory: Actor Factory created SM_S_Soul_WallLamp_02
[2018.09.24-20.20.20:420][887]LogActorFactory: Actor Factory created SM_S_Soul_WallLamp_02
[2018.09.24-20.20.28:972][390]Cmd: DELETE
[2018.09.24-20.20.28:972][390]Cmd: ACTOR DELETE
[2018.09.24-20.20.28:975][390]LogEditorActor: Deleted Actor: StaticMeshActor
[2018.09.24-20.20.28:996][390]LogEditorActor: Deleted 1 Actors (0.024 secs)
[2018.09.24-20.20.32:488][599]LogSlate: FSceneViewport::OnFocusLost() reason 0
[2018.09.24-20.20.32:963][602]LogActorFactory: Actor Factory created SM_slum_roads_stair_27
[2018.09.24-20.20.33:050][607]LogActorFactory: Actor Factory created SM_slum_roads_stair_27
[2018.09.24-20.20.35:240][736]Cmd: DELETE
[2018.09.24-20.20.35:240][736]Cmd: ACTOR DELETE
[2018.09.24-20.20.35:243][736]LogEditorActor: Deleted Actor: StaticMeshActor
[2018.09.24-20.20.35:268][736]LogEditorActor: Deleted 1 Actors (0.028 secs)
[2018.09.24-20.20.40:910][ 75]LogEditorViewport: Clicking on Actor (LMB): StaticMeshActor (Corner_Platform3)
[2018.09.24-20.20.58:826][143]LogEditorViewport: Clicking on Actor (LMB): FbxScene_AirShip_C (FbxScene_AirShip)
[2018.09.24-20.21.04:789][495]LogSlate: FSceneViewport::OnFocusLost() reason 2
[2018.09.24-20.21.12:838][978]LogEditorViewport: Clicking on Actor (LMB): FbxScene_AirShip_C (FbxScene_AirShip)
[2018.09.24-20.21.20:769][453]LogSlate: FSceneViewport::OnFocusLost() reason 2
[2018.09.24-20.21.43:702][821]LogSlate: FSceneViewport::OnFocusLost() reason 2
[2018.09.24-20.22.02:366][940]LogSlate: FSceneViewport::OnFocusLost() reason 2
[2018.09.24-20.22.04:544][ 70]LogEditorViewport: Clicking on Actor (LMB): StaticMeshActor (AirShipFloor2)
[2018.09.24-20.22.31:608][685]LogSlate: FSceneViewport::OnFocusLost() reason 2
[2018.09.24-20.22.31:930][685]LogSavePackage: Moving 'C:/Users/Michael_laptop/Desktop/UnityProjects/AirCity/AIrShipCity/Saved/AirShip1344187F44308601B047A9A9A4FEE1D1.tmp' to 'C:/Users/Michael_laptop/Desktop/UnityProjects/AirCity/AIrShipCity/Content/Maps/Level/AirShip.umap'
[2018.09.24-20.22.31:960][685]LogFileHelpers: Saving map 'AirShip' took 0.340
[2018.09.24-20.22.35:601][898]LogSlate: FSceneViewport::OnFocusLost() reason 0
[2018.09.24-20.22.35:786][907]LogActorFactory: Actor Factory created SM_glowstick02
[2018.09.24-20.22.36:330][939]LogActorFactory: Actor Factory created SM_glowstick02
[2018.09.24-20.22.38:529][ 67]LogSlate: FSceneViewport::OnFocusLost() reason 0
[2018.09.24-20.22.38:701][ 74]LogActorFactory: Actor Factory created SM_LV_Soul_CenterBD_Gear02_noLOD
[2018.09.24-20.22.39:651][130]LogActorFactory: Actor Factory created SM_LV_Soul_CenterBD_Gear02_noLOD
[2018.09.24-20.22.44:174][397]Cmd: DELETE
[2018.09.24-20.22.44:174][397]Cmd: ACTOR DELETE
[2018.09.24-20.22.44:177][397]LogEditorActor: Deleted Actor: StaticMeshActor
[2018.09.24-20.22.44:198][397]LogEditorActor: Deleted 1 Actors (0.023 secs)
[2018.09.24-20.22.45:660][485]LogSlate: FSceneViewport::OnFocusLost() reason 0
[2018.09.24-20.22.49:029][685]LogActorFactory: Actor Factory created SM_LV_Soul_CenterBD_Gear01
[2018.09.24-20.22.50:517][774]LogActorFactory: Actor Factory created SM_LV_Soul_CenterBD_Gear01
[2018.09.24-20.22.52:889][914]Cmd: DELETE
[2018.09.24-20.22.52:889][914]Cmd: ACTOR DELETE
[2018.09.24-20.22.52:891][914]LogEditorActor: Deleted Actor: StaticMeshActor
[2018.09.24-20.22.52:915][914]LogEditorActor: Deleted 1 Actors (0.026 secs)
[2018.09.24-20.23.24:358][509]LogEditorViewport: Clicking on Actor (LMB): StaticMeshActor (SM_glowstick02)
[2018.09.24-20.23.36:241][217]Cmd: DELETE
[2018.09.24-20.23.36:241][217]Cmd: ACTOR DELETE
[2018.09.24-20.23.36:244][217]LogEditorActor: Deleted Actor: StaticMeshActor
[2018.09.24-20.23.36:265][217]LogEditorActor: Deleted 1 Actors (0.024 secs)
[2018.09.24-20.23.57:655][500]LogEditorViewport: Clicking on Actor (LMB): StaticMeshActor (Corner_Platform3)
[2018.09.24-20.24.03:212][828]LogEditorViewport: Clicking on Actor (LMB): StaticMeshActor (AirShipFloor2)
[2018.09.24-20.24.11:689][330]LogSlate: FSceneViewport::OnFocusLost() reason 2
[2018.09.24-20.24.11:989][330]LogSavePackage: Moving 'C:/Users/Michael_laptop/Desktop/UnityProjects/AirCity/AIrShipCity/Saved/AirShip251F911F49832BF17F8738859318AF96.tmp' to 'C:/Users/Michael_laptop/Desktop/UnityProjects/AirCity/AIrShipCity/Content/Maps/Level/AirShip.umap'
[2018.09.24-20.24.12:020][330]LogFileHelpers: Saving map 'AirShip' took 0.319
[2018.09.24-20.26.32:200][730]LogEditorViewport: Clicking on Actor (LMB): StaticMeshActor (Piller_Low2)
[2018.09.24-20.26.32:929][771]LogEditorViewport: Clicking on Actor (LMB): Locked_Door_C (Locked_Door)
[2018.09.24-20.26.33:469][802]LogEditorViewport: Clicking on Actor (LMB): StaticMeshActor (Wall2)
[2018.09.24-20.26.35:403][915]LogEditorViewport: Clicking on Actor (LMB): StaticMeshActor (Piller_Low3)
[2018.09.24-20.26.43:626][394]Cmd: TRANSACTION UNDO
[2018.09.24-20.26.43:626][394]LogEditorTransaction: Undo Move Actors
[2018.09.24-20.26.45:375][496]LogEditorViewport: Clicking on Actor (LMB): StaticMeshActor (AirShipFloor2)
[2018.09.24-20.26.46:562][564]LogEditorViewport: Clicking on Actor (LMB): FbxScene_AirShip_C (FbxScene_AirShip)
[2018.09.24-20.26.56:252][137]LogSlate: FSceneViewport::OnFocusLost() reason 0
[2018.09.24-20.26.56:351][143]LogTemp: Repeating last play command: Selected Viewport
[2018.09.24-20.26.56:366][143]LogBlueprintUserMessages: Early PlayInEditor Detection: Level '/Game/Maps/Level/AirShip.AirShip:PersistentLevel' has LevelScriptBlueprint '/Game/Maps/Level/AirShip.AirShip:PersistentLevel.AirShip' with GeneratedClass '/Game/Maps/Level/AirShip.AirShip_C' with ClassGeneratedBy '/Game/Maps/Level/AirShip.AirShip:PersistentLevel.AirShip'
[2018.09.24-20.26.56:366][143]LogPlayLevel: PlayLevel: No blueprints needed recompiling
[2018.09.24-20.26.56:366][143]PIE: New page: PIE session: AirShip (Sep 24, 2018, 12:26:56 PM)
[2018.09.24-20.26.56:366][143]LogPlayLevel: Creating play world package: /Game/Maps/Level/UEDPIE_0_AirShip
[2018.09.24-20.26.56:380][143]LogPlayLevel: PIE: StaticDuplicateObject took: (0.013450s)
[2018.09.24-20.26.56:381][143]LogAIModule: Creating AISystem for world AirShip
[2018.09.24-20.26.56:381][143]LogPlayLevel: PIE: World Init took: (0.001071s)
[2018.09.24-20.26.56:381][143]LogPlayLevel: PIE: Created PIE world by copying editor world from /Game/Maps/Level/AirShip.AirShip to /Game/Maps/Level/UEDPIE_0_AirShip.AirShip (0.014688s)
[2018.09.24-20.26.56:411][143]LogInit: XAudio2 using 'Speakers (Realtek High Definition Audio)' : 2 channels at 48 kHz using 32 bits per sample (channel mask 0x3)
[2018.09.24-20.26.56:469][143]LogInit: FAudioDevice initialized.
[2018.09.24-20.26.56:501][143]LogLoad: Game class is 'FirstPersonGameMode_C'
[2018.09.24-20.26.56:504][143]LogWorld: Bringing World /Game/Maps/Level/UEDPIE_0_AirShip.AirShip up for play (max tick rate 60) at 2018.09.24-16.26.56
[2018.09.24-20.26.56:504][143]LogWorld: Bringing up level for play took: 0.002377
[2018.09.24-20.26.56:517][143]PIE: Play in editor start time for /Game/Maps/Level/UEDPIE_0_AirShip 1.073
[2018.09.24-20.26.56:517][143]LogBlueprintUserMessages: Late PlayInEditor Detection: Level '/Game/Maps/Level/AirShip.AirShip:PersistentLevel' has LevelScriptBlueprint '/Game/Maps/Level/AirShip.AirShip:PersistentLevel.AirShip' with GeneratedClass '/Game/Maps/Level/AirShip.AirShip_C' with ClassGeneratedBy '/Game/Maps/Level/AirShip.AirShip:PersistentLevel.AirShip'
[2018.09.24-20.26.59:740][326]LogBlueprintUserMessages: Early EndPlayMap Detection: Level '/Game/Maps/Level/AirShip.AirShip:PersistentLevel' has LevelScriptBlueprint '/Game/Maps/Level/AirShip.AirShip:PersistentLevel.AirShip' with GeneratedClass '/Game/Maps/Level/AirShip.AirShip_C' with ClassGeneratedBy '/Game/Maps/Level/AirShip.AirShip:PersistentLevel.AirShip'
[2018.09.24-20.26.59:741][326]LogSlate: Updating window title bar state: overlay mode, drag disabled, window buttons hidden, title bar hidden
[2018.09.24-20.26.59:772][326]LogPlayLevel: Display: Shutting down PIE online subsystems
[2018.09.24-20.26.59:772][326]LogBlueprintUserMessages: Late EndPlayMap Detection: Level '/Game/Maps/Level/AirShip.AirShip:PersistentLevel' has LevelScriptBlueprint '/Game/Maps/Level/AirShip.AirShip:PersistentLevel.AirShip' with GeneratedClass '/Game/Maps/Level/AirShip.AirShip_C' with ClassGeneratedBy '/Game/Maps/Level/AirShip.AirShip:PersistentLevel.AirShip'
[2018.09.24-20.26.59:798][326]LogSlate: Updating window title bar state: overlay mode, drag disabled, window buttons hidden, title bar hidden
[2018.09.24-20.26.59:847][328]LogPlayLevel: Display: Destroying online subsystem :Context_9
[2018.09.24-20.27.00:679][378]LogSlate: FSceneViewport::OnFocusLost() reason 0
[2018.09.24-20.27.00:780][384]LogTemp: Repeating last play command: Selected Viewport
[2018.09.24-20.27.00:794][384]LogBlueprintUserMessages: Early PlayInEditor Detection: Level '/Game/Maps/Level/AirShip.AirShip:PersistentLevel' has LevelScriptBlueprint '/Game/Maps/Level/AirShip.AirShip:PersistentLevel.AirShip' with GeneratedClass '/Game/Maps/Level/AirShip.AirShip_C' with ClassGeneratedBy '/Game/Maps/Level/AirShip.AirShip:PersistentLevel.AirShip'
[2018.09.24-20.27.00:794][384]LogPlayLevel: PlayLevel: No blueprints needed recompiling
[2018.09.24-20.27.00:794][384]PIE: New page: PIE session: AirShip (Sep 24, 2018, 12:27:00 PM)
[2018.09.24-20.27.00:794][384]LogPlayLevel: Creating play world package: /Game/Maps/Level/UEDPIE_0_AirShip
[2018.09.24-20.27.00:807][384]LogPlayLevel: PIE: StaticDuplicateObject took: (0.012504s)
[2018.09.24-20.27.00:808][384]LogAIModule: Creating AISystem for world AirShip
[2018.09.24-20.27.00:808][384]LogPlayLevel: PIE: World Init took: (0.000922s)
[2018.09.24-20.27.00:808][384]LogPlayLevel: PIE: Created PIE world by copying editor world from /Game/Maps/Level/AirShip.AirShip to /Game/Maps/Level/UEDPIE_0_AirShip.AirShip (0.013604s)
[2018.09.24-20.27.00:835][384]LogInit: XAudio2 using 'Speakers (Realtek High Definition Audio)' : 2 channels at 48 kHz using 32 bits per sample (channel mask 0x3)
[2018.09.24-20.27.00:889][384]LogInit: FAudioDevice initialized.
[2018.09.24-20.27.00:921][384]LogLoad: Game class is 'FirstPersonGameMode_C'
[2018.09.24-20.27.00:924][384]LogWorld: Bringing World /Game/Maps/Level/UEDPIE_0_AirShip.AirShip up for play (max tick rate 60) at 2018.09.24-16.27.00
[2018.09.24-20.27.00:924][384]LogWorld: Bringing up level for play took: 0.002163
[2018.09.24-20.27.00:937][384]PIE: Play in editor start time for /Game/Maps/Level/UEDPIE_0_AirShip -0.506
[2018.09.24-20.27.00:937][384]LogBlueprintUserMessages: Late PlayInEditor Detection: Level '/Game/Maps/Level/AirShip.AirShip:PersistentLevel' has LevelScriptBlueprint '/Game/Maps/Level/AirShip.AirShip:PersistentLevel.AirShip' with GeneratedClass '/Game/Maps/Level/AirShip.AirShip_C' with ClassGeneratedBy '/Game/Maps/Level/AirShip.AirShip:PersistentLevel.AirShip'
[2018.09.24-20.27.20:215][534]LogBlueprintUserMessages: Early EndPlayMap Detection: Level '/Game/Maps/Level/AirShip.AirShip:PersistentLevel' has LevelScriptBlueprint '/Game/Maps/Level/AirShip.AirShip:PersistentLevel.AirShip' with GeneratedClass '/Game/Maps/Level/AirShip.AirShip_C' with ClassGeneratedBy '/Game/Maps/Level/AirShip.AirShip:PersistentLevel.AirShip'
[2018.09.24-20.27.20:215][534]LogSlate: Updating window title bar state: overlay mode, drag disabled, window buttons hidden, title bar hidden
[2018.09.24-20.27.20:247][534]LogPlayLevel: Display: Shutting down PIE online subsystems
[2018.09.24-20.27.20:247][534]LogBlueprintUserMessages: Late EndPlayMap Detection: Level '/Game/Maps/Level/AirShip.AirShip:PersistentLevel' has LevelScriptBlueprint '/Game/Maps/Level/AirShip.AirShip:PersistentLevel.AirShip' with GeneratedClass '/Game/Maps/Level/AirShip.AirShip_C' with ClassGeneratedBy '/Game/Maps/Level/AirShip.AirShip:PersistentLevel.AirShip'
[2018.09.24-20.27.20:271][534]LogSlate: Updating window title bar state: overlay mode, drag disabled, window buttons hidden, title bar hidden
[2018.09.24-20.27.20:325][537]LogPlayLevel: Display: Destroying online subsystem :Context_10
[2018.09.24-20.28.22:219][249]LogEditorViewport: Clicking on Actor (LMB): Locked_Door_C (Locked_Door)
[2018.09.24-20.28.24:944][408]LogEditorViewport: Clicking on Actor (LMB): StaticMeshActor (AirShipFloor2)
[2018.09.24-20.28.33:622][923]LogEditorViewport: Clicking on Actor (LMB): StaticMeshActor (Ramp_Platform12)
[2018.09.24-20.28.36:846][109]LogEditorViewport: Clicking on Actor (LMB): StaticMeshActor (Corner_Platform3)
[2018.09.24-20.28.37:615][151]LogEditorViewport: Clicking on Actor (LMB): StaticMeshActor (Ramp_Platform13)
[2018.09.24-20.28.38:933][227]LogEditorViewport: Clicking on Actor (LMB): StaticMeshActor (Ramp_Platform12)
[2018.09.24-20.28.43:725][502]LogEditorViewport: Clicking on Actor (context menu): StaticMeshActor (Ramp_Platform12)
[2018.09.24-20.28.43:750][502]LogSlate: FSceneViewport::OnFocusLost() reason 2
[2018.09.24-20.28.49:947][862]Cmd: TRANSACTION UNDO
[2018.09.24-20.28.49:947][862]LogEditorTransaction: Undo Regroup Ctrl+G
[2018.09.24-20.28.49:958][862]LogActorComponent: ~FComponentReregisterContext: (/Game/Maps/Level/AirShip.AirShip:PersistentLevel.Ramp_Platform12.StaticMeshComponent0) Component already registered.
[2018.09.24-20.28.51:608][952]LogEditorViewport: Clicking on Actor (LMB): StaticMeshActor (AirShipFloor2)
[2018.09.24-20.28.52:810][ 21]LogEditorViewport: Clicking on Actor (LMB): StaticMeshActor (Ramp_Platform13)
[2018.09.24-20.28.53:557][ 63]LogEditorViewport: Clicking on Actor (LMB): StaticMeshActor (Ramp_Platform11)
[2018.09.24-20.28.58:814][368]LogEditorViewport: Clicking on Actor (LMB): StaticMeshActor (Ramp_Platform8)
[2018.09.24-20.29.02:667][596]Cmd: TRANSACTION UNDO
[2018.09.24-20.29.02:667][596]LogEditorTransaction: Undo Clicking on Actors
[2018.09.24-20.29.03:024][615]Cmd: TRANSACTION UNDO
[2018.09.24-20.29.03:024][615]LogEditorTransaction: Undo Regroup Ctrl+G
[2018.09.24-20.29.03:384][635]Cmd: TRANSACTION UNDO
[2018.09.24-20.29.03:384][635]LogEditorTransaction: Undo Clicking on Actors
[2018.09.24-20.29.03:691][651]Cmd: TRANSACTION UNDO
[2018.09.24-20.29.03:691][651]LogEditorTransaction: Undo Clicking on Actors
[2018.09.24-20.29.03:952][665]Cmd: TRANSACTION UNDO
[2018.09.24-20.29.03:952][665]LogEditorTransaction: Undo Clicking on Actors
[2018.09.24-20.29.04:347][687]Cmd: TRANSACTION UNDO
[2018.09.24-20.29.04:347][687]LogEditorTransaction: Undo Clicking on Actors
[2018.09.24-20.29.04:741][709]Cmd: TRANSACTION UNDO
[2018.09.24-20.29.04:741][709]LogEditorTransaction: Undo Clicking on Actors
[2018.09.24-20.29.05:242][737]Cmd: TRANSACTION UNDO
[2018.09.24-20.29.05:243][737]LogEditorTransaction: Undo Clicking on Actors
[2018.09.24-20.29.05:548][753]Cmd: TRANSACTION UNDO
[2018.09.24-20.29.05:548][753]LogEditorTransaction: Undo Clicking on Actors (context menu)
[2018.09.24-20.29.05:819][769]Cmd: TRANSACTION UNDO
[2018.09.24-20.29.05:819][769]LogEditorTransaction: Undo Clicking on Actors
[2018.09.24-20.29.06:109][785]Cmd: TRANSACTION UNDO
[2018.09.24-20.29.06:109][785]LogEditorTransaction: Undo Clicking on Actors
[2018.09.24-20.29.06:379][800]Cmd: TRANSACTION UNDO
[2018.09.24-20.29.06:379][800]LogEditorTransaction: Undo Clicking on Actors
[2018.09.24-20.29.06:620][813]Cmd: TRANSACTION UNDO
[2018.09.24-20.29.06:620][813]LogEditorTransaction: Undo Clicking on Actors
[2018.09.24-20.29.06:913][829]Cmd: TRANSACTION UNDO
[2018.09.24-20.29.06:913][829]LogEditorTransaction: Undo Clicking on Actors
[2018.09.24-20.29.07:206][845]Cmd: TRANSACTION UNDO
[2018.09.24-20.29.07:206][845]LogEditorTransaction: Undo Clicking on Actors
[2018.09.24-20.29.07:487][860]Cmd: TRANSACTION UNDO
[2018.09.24-20.29.07:487][860]LogEditorTransaction: Undo Clicking on Actors
[2018.09.24-20.29.07:996][889]Cmd: TRANSACTION UNDO
[2018.09.24-20.29.07:996][889]LogEditorTransaction: Undo Clicking on Actors
[2018.09.24-20.29.08:375][910]Cmd: TRANSACTION UNDO
[2018.09.24-20.29.08:375][910]LogEditorTransaction: Undo Clicking on Actors
[2018.09.24-20.29.08:685][928]Cmd: TRANSACTION UNDO
[2018.09.24-20.29.08:685][928]LogEditorTransaction: Undo Clicking on Actors
[2018.09.24-20.29.08:941][943]Cmd: TRANSACTION UNDO
[2018.09.24-20.29.08:942][943]LogEditorTransaction: Undo Clicking on Actors
[2018.09.24-20.29.09:201][958]Cmd: TRANSACTION UNDO
[2018.09.24-20.29.09:201][958]LogEditorTransaction: Undo Clicking on Actors
[2018.09.24-20.29.09:534][978]Cmd: TRANSACTION UNDO
[2018.09.24-20.29.09:534][978]LogEditorTransaction: Undo Clicking on Actors
[2018.09.24-20.29.09:865][995]Cmd: TRANSACTION UNDO
[2018.09.24-20.29.09:865][995]LogEditorTransaction: Undo Clicking on Actors
[2018.09.24-20.29.10:118][  9]Cmd: TRANSACTION UNDO
[2018.09.24-20.29.10:118][  9]LogEditorTransaction: Undo Clicking on Actors
[2018.09.24-20.29.10:307][ 20]Cmd: TRANSACTION UNDO
[2018.09.24-20.29.10:308][ 20]LogEditorTransaction: Undo Clicking on Actors
[2018.09.24-20.29.10:563][ 35]Cmd: TRANSACTION UNDO
[2018.09.24-20.29.10:563][ 35]LogEditorTransaction: Undo Clicking on Actors
[2018.09.24-20.29.10:807][ 48]Cmd: TRANSACTION UNDO
[2018.09.24-20.29.10:807][ 48]LogEditorTransaction: Undo Clicking on Actors
[2018.09.24-20.29.11:047][ 61]Cmd: TRANSACTION UNDO
[2018.09.24-20.29.11:047][ 61]LogEditorTransaction: Undo Clicking on Actors
[2018.09.24-20.29.12:441][142]Cmd: TRANSACTION UNDO
[2018.09.24-20.29.12:441][142]LogEditorTransaction: Undo Move Actors
[2018.09.24-20.29.12:942][172]Cmd: TRANSACTION UNDO
[2018.09.24-20.29.12:942][172]LogEditorTransaction: Undo Clicking on Actors
[2018.09.24-20.29.13:441][200]Cmd: TRANSACTION UNDO
[2018.09.24-20.29.13:441][200]LogEditorTransaction: Undo Clicking on Actors
[2018.09.24-20.29.13:751][218]Cmd: TRANSACTION UNDO
[2018.09.24-20.29.13:751][218]LogEditorTransaction: Undo Clicking on Actors
[2018.09.24-20.29.16:524][380]LogEditorViewport: Clicking on Actor (LMB): StaticMeshActor (AirShipFloor2)
[2018.09.24-20.29.18:508][495]Cmd: TRANSACTION UNDO
[2018.09.24-20.29.18:508][495]LogEditorTransaction: Undo Clicking on Actors
[2018.09.24-20.29.18:867][511]Cmd: TRANSACTION UNDO
[2018.09.24-20.29.18:867][511]LogEditorTransaction: Undo Move Actors
[2018.09.24-20.29.19:244][532]Cmd: TRANSACTION UNDO
[2018.09.24-20.29.19:244][532]LogEditorTransaction: Undo Clicking on Actors
[2018.09.24-20.29.22:370][714]LogEditorViewport: Clicking on Actor (LMB): StaticMeshActor (AirShipFloor2)
[2018.09.24-20.29.28:754][ 91]LogEditorViewport: Clicking on Actor (LMB): StaticMeshActor (Corner_Platform3)
[2018.09.24-20.29.42:919][933]LogEditorViewport: Clicking on Actor (LMB): StaticMeshActor (AirShipFloor2)
[2018.09.24-20.29.44:612][ 32]LogEditorViewport: Clicking on Actor (LMB): StaticMeshActor (Corner_Platform3)
[2018.09.24-20.29.48:500][262]LogEditorViewport: Clicking on Actor (LMB): StaticMeshActor (AirShipFloor2)
[2018.09.24-20.29.49:958][347]LogEditorViewport: Clicking on Actor (LMB): StaticMeshActor (Corner_Platform3)
[2018.09.24-20.29.54:998][646]LogEditorViewport: Clicking on Actor (LMB): StaticMeshActor (AirShipFloor2)
[2018.09.24-20.30.04:986][229]Cmd: TRANSACTION UNDO
[2018.09.24-20.30.04:986][229]LogEditorTransaction: Undo Regroup Ctrl+G
[2018.09.24-20.30.04:996][229]LogActorComponent: ~FComponentReregisterContext: (/Game/Maps/Level/AirShip.AirShip:PersistentLevel.AirShipFloor2_2.StaticMeshComponent0) Component already registered.
[2018.09.24-20.30.05:790][276]LogEditorViewport: Clicking on Actor (LMB): StaticMeshActor (AirShipFloor2)
[2018.09.24-20.30.06:589][321]LogEditorViewport: Clicking on Actor (LMB): StaticMeshActor (Ramp_Platform11)
[2018.09.24-20.31.20:869][744]LogEditorViewport: Clicking on Actor (LMB): SkeletalMeshActor (SteamStack)
[2018.09.24-20.31.27:988][166]LogEditorViewport: Clicking on Actor (LMB): StaticMeshActor (AirShipFloor2)
[2018.09.24-20.31.31:776][389]LogEditorViewport: Clicking on Actor (LMB): StaticMeshActor (AirShipFloor2)
[2018.09.24-20.31.32:372][423]LogEditorViewport: Clicking on Actor (LMB): StaticMeshActor (AirShipFloor2)
[2018.09.24-20.31.34:363][540]LogSlate: FSceneViewport::OnFocusLost() reason 2
[2018.09.24-20.31.34:677][540]LogSavePackage: Moving 'C:/Users/Michael_laptop/Desktop/UnityProjects/AirCity/AIrShipCity/Saved/AirShip334D80C141F5CC31310BA3A87BA5F9E1.tmp' to 'C:/Users/Michael_laptop/Desktop/UnityProjects/AirCity/AIrShipCity/Content/Maps/Level/AirShip.umap'
[2018.09.24-20.31.34:708][540]LogFileHelpers: Saving map 'AirShip' took 0.333
[2018.09.24-20.31.42:361][992]LogSlate: FSceneViewport::OnFocusLost() reason 0
[2018.09.24-20.31.42:546][998]LogSlate: Window 'AIrShipCity - Unreal Editor' being destroyed
[2018.09.24-20.31.42:766][999]Cmd: QUIT_EDITOR
[2018.09.24-20.31.43:652][999]LogWindowsTextInputMethodSystem: Display: IME system now deactivated.
[2018.09.24-20.31.43:665][999]LogExit: Preparing to exit.
[2018.09.24-20.31.44:461][999]LogExit: Editor shut down
[2018.09.24-20.31.44:461][999]LogExit: Transaction tracking system shut down
[2018.09.24-20.31.45:004][999]LogExit: Object subsystem successfully closed.
[2018.09.24-20.31.45:023][999]LogShaderCompilers: Display: Shaders left to compile 0
[2018.09.24-20.31.45:027][999]LogD3D11RHI: Shutdown
[2018.09.24-20.31.45:027][999]LogD3D11RHI: CleanupD3DDevice
[2018.09.24-20.31.45:029][999]LogD3D11RHI: ~FD3D11DynamicRHI
[2018.09.24-20.31.45:039][999]LogModuleManager: Shutting down and abandoning module MovieSceneCapture (614)
[2018.09.24-20.31.45:039][999]LogModuleManager: Shutting down and abandoning module Voice (612)
[2018.09.24-20.31.45:039][999]LogModuleManager: Shutting down and abandoning module HierarchicalLODOutliner (610)
[2018.09.24-20.31.45:039][999]LogModuleManager: Shutting down and abandoning module ExternalImagePicker (608)
[2018.09.24-20.31.45:039][999]LogModuleManager: Shutting down and abandoning module SceneOutliner (606)
[2018.09.24-20.31.45:039][999]LogModuleManager: Shutting down and abandoning module AddContentDialog (604)
[2018.09.24-20.31.45:039][999]LogModuleManager: Shutting down and abandoning module WidgetCarousel (603)
[2018.09.24-20.31.45:039][999]LogModuleManager: Shutting down and abandoning module EditorWidgets (600)
[2018.09.24-20.31.45:039][999]LogModuleManager: Shutting down and abandoning module CollectionManager (598)
[2018.09.24-20.31.45:039][999]LogModuleManager: Shutting down and abandoning module StatsViewer (596)
[2018.09.24-20.31.45:039][999]LogModuleManager: Shutting down and abandoning module FoliageEdit (594)
[2018.09.24-20.31.45:040][999]LogModuleManager: Shutting down and abandoning module LandscapeEditor (592)
[2018.09.24-20.31.45:040][999]LogModuleManager: Shutting down and abandoning module MeshPaintMode (590)
[2018.09.24-20.31.45:040][999]LogModuleManager: Shutting down and abandoning module SceneDepthPickerMode (588)
[2018.09.24-20.31.45:040][999]LogModuleManager: Shutting down and abandoning module ActorPickerMode (586)
[2018.09.24-20.31.45:040][999]LogModuleManager: Shutting down and abandoning module GeometryMode (584)
[2018.09.24-20.31.45:040][999]LogModuleManager: Shutting down and abandoning module TextureAlignMode (582)
[2018.09.24-20.31.45:040][999]LogModuleManager: Shutting down and abandoning module BspMode (580)
[2018.09.24-20.31.45:040][999]LogModuleManager: Shutting down and abandoning module PIEPreviewDeviceProfileSelector (578)
[2018.09.24-20.31.45:040][999]LogModuleManager: Shutting down and abandoning module SequenceRecorderSections (576)
[2018.09.24-20.31.45:040][999]LogModuleManager: Shutting down and abandoning module AutomationWorker (574)
[2018.09.24-20.31.45:040][999]LogModuleManager: Shutting down and abandoning module AudioCaptureEditor (572)
[2018.09.24-20.31.45:040][999]LogModuleManager: Shutting down and abandoning module SequenceRecorder (571)
[2018.09.24-20.31.45:040][999]LogModuleManager: Shutting down and abandoning module MatineeToLevelSequence (568)
[2018.09.24-20.31.45:040][999]LogModuleManager: Shutting down and abandoning module LevelSequenceEditor (566)
[2018.09.24-20.31.45:040][999]LogModuleManager: Shutting down and abandoning module PlacementMode (565)
[2018.09.24-20.31.45:040][999]LogModuleManager: Shutting down and abandoning module MaterialEditor (564)
[2018.09.24-20.31.45:040][999]LogModuleManager: Shutting down and abandoning module WmfMediaFactory (560)
[2018.09.24-20.31.45:040][999]LogModuleManager: Shutting down and abandoning module WmfMediaEditor (558)
[2018.09.24-20.31.45:040][999]LogModuleManager: Shutting down and abandoning module MediaPlayerEditor (556)
[2018.09.24-20.31.45:040][999]LogModuleManager: Shutting down and abandoning module OpenExrWrapper (554)
[2018.09.24-20.31.45:040][999]LogModuleManager: Shutting down and abandoning module ImgMediaFactory (552)
[2018.09.24-20.31.45:040][999]LogModuleManager: Shutting down and abandoning module ImgMediaEditor (550)
[2018.09.24-20.31.45:040][999]LogModuleManager: Shutting down and abandoning module AvfMediaFactory (548)
[2018.09.24-20.31.45:040][999]LogModuleManager: Shutting down and abandoning module AvfMediaEditor (546)
[2018.09.24-20.31.45:040][999]LogModuleManager: Shutting down and abandoning module AndroidMediaFactory (544)
[2018.09.24-20.31.45:040][999]LogModuleManager: Shutting down and abandoning module AndroidMediaEditor (542)
[2018.09.24-20.31.45:040][999]LogModuleManager: Shutting down and abandoning module MagicLeapCameraPreviewFactory (540)
[2018.09.24-20.31.45:040][999]LogModuleManager: Shutting down and abandoning module MagicLeapMediaFactory (538)
[2018.09.24-20.31.45:040][999]LogModuleManager: Shutting down and abandoning module MagicLeapMediaEditor (536)
[2018.09.24-20.31.45:040][999]LogModuleManager: Shutting down and abandoning module CharacterAI (534)
[2018.09.24-20.31.45:040][999]LogModuleManager: Shutting down and abandoning module SmartSnapping (532)
[2018.09.24-20.31.45:040][999]LogModuleManager: Shutting down and abandoning module SessionServices (530)
[2018.09.24-20.31.45:040][999]LogModuleManager: Shutting down and abandoning module ViewportSnapping (528)
[2018.09.24-20.31.45:040][999]LogModuleManager: Shutting down and abandoning module ViewportInteraction (526)
[2018.09.24-20.31.45:040][999]LogModuleManager: Shutting down and abandoning module ClothPainter (524)
[2018.09.24-20.31.45:040][999]LogModuleManager: Shutting down and abandoning module SkeletalMeshEditor (523)
[2018.09.24-20.31.45:040][999]LogModuleManager: Shutting down and abandoning module LogVisualizer (520)
[2018.09.24-20.31.45:040][999]LogModuleManager: Shutting down and abandoning module IntroTutorials (518)
[2018.09.24-20.31.45:041][999]LogModuleManager: Shutting down and abandoning module GameProjectGeneration (517)
[2018.09.24-20.31.45:041][999]LogModuleManager: Shutting down and abandoning module LuminPlatformEditor (514)
[2018.09.24-20.31.45:041][999]LogModuleManager: Shutting down and abandoning module IOSPlatformEditor (512)
[2018.09.24-20.31.45:041][999]LogModuleManager: Shutting down and abandoning module HTML5PlatformEditor (510)
[2018.09.24-20.31.45:041][999]LogModuleManager: Shutting down and abandoning module AndroidPlatformEditor (508)
[2018.09.24-20.31.45:041][999]LogModuleManager: Shutting down and abandoning module AndroidDeviceDetection (507)
[2018.09.24-20.31.45:662][999]LogModuleManager: Shutting down and abandoning module WindowsPlatformEditor (504)
[2018.09.24-20.31.45:662][999]LogModuleManager: Shutting down and abandoning module LuminRuntimeSettings (502)
[2018.09.24-20.31.45:662][999]LogModuleManager: Shutting down and abandoning module IOSRuntimeSettings (500)
[2018.09.24-20.31.45:662][999]LogModuleManager: Shutting down and abandoning module AndroidRuntimeSettings (498)
[2018.09.24-20.31.45:662][999]LogModuleManager: Shutting down and abandoning module InputBindingEditor (496)
[2018.09.24-20.31.45:662][999]LogModuleManager: Shutting down and abandoning module MergeActors (494)
[2018.09.24-20.31.45:662][999]LogModuleManager: Shutting down and abandoning module LocalizationDashboard (492)
[2018.09.24-20.31.45:662][999]LogModuleManager: Shutting down and abandoning module LocalizationService (491)
[2018.09.24-20.31.45:662][999]LogModuleManager: Shutting down and abandoning module HardwareTargeting (488)
[2018.09.24-20.31.45:662][999]LogModuleManager: Shutting down and abandoning module DeviceProfileEditor (486)
[2018.09.24-20.31.45:662][999]LogModuleManager: Shutting down and abandoning module UndoHistory (484)
[2018.09.24-20.31.45:662][999]LogModuleManager: Shutting down and abandoning module XmlParser (482)
[2018.09.24-20.31.45:662][999]LogModuleManager: Shutting down and abandoning module Blutility (480)
[2018.09.24-20.31.45:662][999]LogModuleManager: Shutting down and abandoning module ProjectSettingsViewer (478)
[2018.09.24-20.31.45:663][999]LogModuleManager: Shutting down and abandoning module ProjectTargetPlatformEditor (477)
[2018.09.24-20.31.45:663][999]LogModuleManager: Shutting down and abandoning module EditorSettingsViewer (474)
[2018.09.24-20.31.45:663][999]LogModuleManager: Shutting down and abandoning module SettingsEditor (472)
[2018.09.24-20.31.45:663][999]LogModuleManager: Shutting down and abandoning module ProjectLauncher (470)
[2018.09.24-20.31.45:663][999]LogModuleManager: Shutting down and abandoning module SessionFrontend (468)
[2018.09.24-20.31.45:663][999]LogModuleManager: Shutting down and abandoning module ProfilerClient (466)
[2018.09.24-20.31.45:663][999]LogModuleManager: Shutting down and abandoning module DeviceManager (464)
[2018.09.24-20.31.45:663][999]LogModuleManager: Shutting down and abandoning module TargetDeviceServices (463)
[2018.09.24-20.31.45:718][999]LogModuleManager: Shutting down and abandoning module AutomationController (460)
[2018.09.24-20.31.45:718][999]LogModuleManager: Shutting down and abandoning module AutomationWindow (458)
[2018.09.24-20.31.45:718][999]LogModuleManager: Shutting down and abandoning module Layers (456)
[2018.09.24-20.31.45:718][999]LogModuleManager: Shutting down and abandoning module ComponentVisualizers (454)
[2018.09.24-20.31.45:718][999]LogModuleManager: Shutting down and abandoning module DetailCustomizations (452)
[2018.09.24-20.31.45:718][999]LogModuleManager: Shutting down and abandoning module PackagesDialog (450)
[2018.09.24-20.31.45:718][999]LogModuleManager: Shutting down and abandoning module Persona (448)
[2018.09.24-20.31.45:718][999]LogModuleManager: Shutting down and abandoning module AdvancedPreviewScene (447)
[2018.09.24-20.31.45:718][999]LogModuleManager: Shutting down and abandoning module AnimGraph (445)
[2018.09.24-20.31.45:718][999]LogModuleManager: Shutting down and abandoning module Kismet (442)
[2018.09.24-20.31.45:719][999]LogModuleManager: Shutting down and abandoning module GraphEditor (440)
[2018.09.24-20.31.45:719][999]LogModuleManager: Shutting down and abandoning module ClassViewer (438)
[2018.09.24-20.31.45:719][999]LogModuleManager: Shutting down and abandoning module Toolbox (436)
[2018.09.24-20.31.45:719][999]LogModuleManager: Shutting down and abandoning module ModuleUI (434)
[2018.09.24-20.31.45:719][999]LogModuleManager: Shutting down and abandoning module MovieSceneTools (432)
[2018.09.24-20.31.45:719][999]LogModuleManager: Shutting down and abandoning module OutputLog (430)
[2018.09.24-20.31.45:719][999]LogModuleManager: Shutting down and abandoning module GammaUI (428)
[2018.09.24-20.31.45:719][999]LogModuleManager: Shutting down and abandoning module Documentation (426)
[2018.09.24-20.31.45:720][999]LogModuleManager: Shutting down and abandoning module MovieSceneTracks (424)
[2018.09.24-20.31.45:720][999]LogModuleManager: Shutting down and abandoning module MovieScene (422)
[2018.09.24-20.31.45:720][999]LogModuleManager: Shutting down and abandoning module StreamingPauseRendering (420)
[2018.09.24-20.31.45:720][999]LogModuleManager: Shutting down and abandoning module LauncherPlatform (418)
[2018.09.24-20.31.45:720][999]LogModuleManager: Shutting down and abandoning module AnalyticsET (416)
[2018.09.24-20.31.45:720][999]LogModuleManager: Shutting down and abandoning module PortalServices (414)
[2018.09.24-20.31.45:720][999]LogModuleManager: Shutting down and abandoning module PortalRpc (412)
[2018.09.24-20.31.45:720][999]LogModuleManager: Shutting down and abandoning module MessagingRpc (410)
[2018.09.24-20.31.45:720][999]LogModuleManager: Shutting down and abandoning module AIModule (408)
[2018.09.24-20.31.45:720][999]LogModuleManager: Shutting down and abandoning module GameplayDebugger (407)
[2018.09.24-20.31.45:720][999]LogModuleManager: Shutting down and abandoning module AITestSuite (405)
[2018.09.24-20.31.45:720][999]LogModuleManager: Shutting down and abandoning module NavigationSystem (403)
[2018.09.24-20.31.45:720][999]LogModuleManager: Shutting down and abandoning module DesktopPlatform (400)
[2018.09.24-20.31.45:720][999]LogModuleManager: Shutting down and abandoning module ProfilerService (398)
[2018.09.24-20.31.45:962][999]LogModuleManager: Shutting down and abandoning module TaskGraph (396)
[2018.09.24-20.31.45:962][999]LogModuleManager: Shutting down and abandoning module SubstanceLiveLink (394)
[2018.09.24-20.31.45:962][999]LogModuleManager: Shutting down and abandoning module SubstanceSource (392)
[2018.09.24-20.31.45:962][999]LogModuleManager: Shutting down and abandoning module SubstanceEditor (390)
[2018.09.24-20.31.45:963][999]LogModuleManager: Shutting down and abandoning module ProceduralMeshComponentEditor (388)
[2018.09.24-20.31.45:963][999]LogModuleManager: Shutting down and abandoning module ProceduralMeshComponent (386)
[2018.09.24-20.31.45:963][999]LogModuleManager: Shutting down and abandoning module MobilePatchingUtils (384)
[2018.09.24-20.31.45:963][999]LogModuleManager: Shutting down and abandoning module EditableMesh (382)
[2018.09.24-20.31.45:963][999]LogModuleManager: Shutting down and abandoning module CustomMeshComponent (380)
[2018.09.24-20.31.45:963][999]LogModuleManager: Shutting down and abandoning module CableComponent (378)
[2018.09.24-20.31.45:963][999]LogModuleManager: Shutting down and abandoning module AudioCapture (376)
[2018.09.24-20.31.45:963][999]LogModuleManager: Shutting down and abandoning module ArchVisCharacter (374)
[2018.09.24-20.31.45:963][999]LogModuleManager: Shutting down and abandoning module AndroidPermission (372)
[2018.09.24-20.31.45:963][999]LogModuleManager: Shutting down and abandoning module NUTUnrealEngine4 (370)
[2018.09.24-20.31.45:963][999]LogModuleManager: Shutting down and abandoning module NetcodeUnitTest (368)
[2018.09.24-20.31.45:963][999]LogModuleManager: Shutting down and abandoning module MediaCompositingEditor (366)
[2018.09.24-20.31.45:963][999]LogModuleManager: Shutting down and abandoning module MediaCompositing (364)
[2018.09.24-20.31.45:963][999]LogModuleManager: Shutting down and abandoning module LinearTimecode (362)
[2018.09.24-20.31.45:963][999]LogModuleManager: Shutting down and abandoning module ImgMedia (360)
[2018.09.24-20.31.45:966][999]LogModuleManager: Shutting down and abandoning module HTML5Networking (358)
[2018.09.24-20.31.45:966][999]LogModuleManager: Shutting down and abandoning module GeometryCacheTracks (356)
[2018.09.24-20.31.45:966][999]LogModuleManager: Shutting down and abandoning module GeometryCacheSequencer (354)
[2018.09.24-20.31.45:966][999]LogModuleManager: Shutting down and abandoning module BackChannel (352)
[2018.09.24-20.31.45:966][999]LogModuleManager: Shutting down and abandoning module AppleVision (350)
[2018.09.24-20.31.45:966][999]LogModuleManager: Shutting down and abandoning module AppleImageUtils (348)
[2018.09.24-20.31.45:966][999]LogModuleManager: Shutting down and abandoning module AlembicImporter (346)
[2018.09.24-20.31.45:966][999]LogModuleManager: Shutting down and abandoning module AlembicLibrary (345)
[2018.09.24-20.31.45:966][999]LogModuleManager: Shutting down and abandoning module GeometryCache (344)
[2018.09.24-20.31.45:966][999]LogModuleManager: Shutting down and abandoning module GeometryCacheEd (343)
[2018.09.24-20.31.45:966][999]LogModuleManager: Shutting down and abandoning module DatasmithContentEditor (338)
[2018.09.24-20.31.45:966][999]LogModuleManager: Shutting down and abandoning module DatasmithContent (336)
[2018.09.24-20.31.45:966][999]LogModuleManager: Shutting down and abandoning module SpeedTreeImporter (334)
[2018.09.24-20.31.45:967][999]LogModuleManager: Shutting down and abandoning module PluginBrowser (332)
[2018.09.24-20.31.45:967][999]LogModuleManager: Shutting down and abandoning module MobileLauncherProfileWizard (330)
[2018.09.24-20.31.45:967][999]LogModuleManager: Shutting down and abandoning module PolygonModeling (328)
[2018.09.24-20.31.45:967][999]LogModuleManager: Shutting down and abandoning module MeshEditor (326)
[2018.09.24-20.31.45:967][999]LogModuleManager: Shutting down and abandoning module CryptoKeysOpenSSL (324)
[2018.09.24-20.31.45:967][999]LogModuleManager: Shutting down and abandoning module CryptoKeys (322)
[2018.09.24-20.31.45:967][999]LogModuleManager: Shutting down and abandoning module VisualStudioSourceCodeAccess (320)
[2018.09.24-20.31.45:967][999]LogModuleManager: Shutting down and abandoning module VisualStudioCodeSourceCodeAccess (318)
[2018.09.24-20.31.45:967][999]LogModuleManager: Shutting down and abandoning module UObjectPlugin (316)
[2018.09.24-20.31.45:967][999]LogModuleManager: Shutting down and abandoning module SubversionSourceControl (314)
[2018.09.24-20.31.45:967][999]LogModuleManager: Shutting down and abandoning module PerforceSourceControl (312)
[2018.09.24-20.31.45:967][999]LogModuleManager: Shutting down and abandoning module GitSourceControl (310)
[2018.09.24-20.31.45:967][999]LogModuleManager: Shutting down and abandoning module SourceControl (309)
[2018.09.24-20.31.45:967][999]LogModuleManager: Shutting down and abandoning module CLionSourceCodeAccess (306)
[2018.09.24-20.31.45:967][999]LogModuleManager: Shutting down and abandoning module LightPropagationVolumeEditor (304)
[2018.09.24-20.31.45:967][999]LogModuleManager: Shutting down and abandoning module PaperTiledImporter (302)
[2018.09.24-20.31.45:967][999]LogModuleManager: Shutting down and abandoning module PaperSpriteSheetImporter (300)
[2018.09.24-20.31.45:967][999]LogModuleManager: Shutting down and abandoning module Paper2DEditor (298)
[2018.09.24-20.31.45:967][999]LogModuleManager: Shutting down and abandoning module MeshPaint (297)
[2018.09.24-20.31.45:967][999]LogModuleManager: Shutting down and abandoning module RuntimePhysXCooking (294)
[2018.09.24-20.31.45:967][999]LogModuleManager: Shutting down and abandoning module PhysXVehiclesEditor (292)
[2018.09.24-20.31.45:967][999]LogModuleManager: Shutting down and abandoning module PhysXVehicles (290)
[2018.09.24-20.31.45:967][999]LogModuleManager: Shutting down and abandoning module LocationServicesBPLibrary (288)
[2018.09.24-20.31.45:967][999]LogModuleManager: Shutting down and abandoning module ImmediatePhysicsEditor (286)
[2018.09.24-20.31.45:967][999]LogModuleManager: Shutting down and abandoning module ImmediatePhysics (284)
[2018.09.24-20.31.45:967][999]LogModuleManager: Shutting down and abandoning module ActorSequence (282)
[2018.09.24-20.31.45:967][999]LogModuleManager: Shutting down and abandoning module UdpMessaging (280)
[2018.09.24-20.31.46:069][999]LogModuleManager: Shutting down and abandoning module TcpMessaging (278)
[2018.09.24-20.31.46:170][999]LogModuleManager: Shutting down and abandoning module SubstanceCore (276)
[2018.09.24-20.31.46:170][999]LogModuleManager: Shutting down and abandoning module MagicLeapAudio (274)
[2018.09.24-20.31.46:170][999]LogModuleManager: Shutting down and abandoning module GameplayTagsEditor (272)
[2018.09.24-20.31.46:170][999]LogModuleManager: Shutting down and abandoning module FacialAnimationEditor (270)
[2018.09.24-20.31.46:170][999]LogModuleManager: Shutting down and abandoning module FacialAnimation (268)
[2018.09.24-20.31.46:170][999]LogModuleManager: Shutting down and abandoning module DataValidation (266)
[2018.09.24-20.31.46:170][999]LogModuleManager: Shutting down and abandoning module AssetManagerEditor (264)
[2018.09.24-20.31.46:170][999]LogModuleManager: Shutting down and abandoning module LevelEditor (263)
[2018.09.24-20.31.46:170][999]LogModuleManager: Shutting down and abandoning module PixelInspectorModule (262)
[2018.09.24-20.31.46:170][999]LogModuleManager: Shutting down and abandoning module CommonMenuExtensions (260)
[2018.09.24-20.31.46:171][999]LogModuleManager: Shutting down and abandoning module MainFrame (258)
[2018.09.24-20.31.46:171][999]LogModuleManager: Shutting down and abandoning module HotReload (257)
[2018.09.24-20.31.46:171][999]LogModuleManager: Shutting down and abandoning module ContentBrowser (253)
[2018.09.24-20.31.46:174][999]LogModuleManager: Shutting down and abandoning module TreeMap (251)
[2018.09.24-20.31.46:174][999]LogModuleManager: Shutting down and abandoning module LightPropagationVolumeRuntime (248)
[2018.09.24-20.31.46:174][999]LogModuleManager: Shutting down and abandoning module AISupportModule (246)
[2018.09.24-20.31.46:174][999]LogModuleManager: Shutting down and abandoning module Paper2D (244)
[2018.09.24-20.31.46:174][999]LogModuleManager: Shutting down and abandoning module WindowsMoviePlayer (242)
[2018.09.24-20.31.46:174][999]LogModuleManager: Shutting down and abandoning module WmfMedia (240)
[2018.09.24-20.31.46:176][999]LogModuleManager: Shutting down and abandoning module Media (239)
[2018.09.24-20.31.46:182][999]LogModuleManager: Shutting down and abandoning module PacketHandler (236)
[2018.09.24-20.31.46:182][999]LogModuleManager: Shutting down and abandoning module ClothingSystemEditor (234)
[2018.09.24-20.31.46:182][999]LogModuleManager: Shutting down and abandoning module ClothingSystemRuntime (232)
[2018.09.24-20.31.46:182][999]LogModuleManager: Shutting down and abandoning module MediaAssets (230)
[2018.09.24-20.31.46:182][999]LogModuleManager: Shutting down and abandoning module Overlay (228)
[2018.09.24-20.31.46:182][999]LogModuleManager: Shutting down and abandoning module OverlayEditor (227)
[2018.09.24-20.31.46:182][999]LogModuleManager: Shutting down and abandoning module VREditor (224)
[2018.09.24-20.31.46:182][999]LogModuleManager: Shutting down and abandoning module StringTableEditor (222)
[2018.09.24-20.31.46:182][999]LogModuleManager: Shutting down and abandoning module GameplayTasksEditor (220)
[2018.09.24-20.31.46:182][999]LogModuleManager: Shutting down and abandoning module BehaviorTreeEditor (218)
[2018.09.24-20.31.46:182][999]LogModuleManager: Shutting down and abandoning module FunctionalTesting (216)
[2018.09.24-20.31.46:182][999]LogModuleManager: Shutting down and abandoning module CollisionAnalyzer (214)
[2018.09.24-20.31.46:182][999]LogModuleManager: Shutting down and abandoning module WorkspaceMenuStructure (213)
[2018.09.24-20.31.46:182][999]LogModuleManager: Shutting down and abandoning module UMG (210)
[2018.09.24-20.31.46:183][999]LogModuleManager: Shutting down and abandoning module UMGEditor (209)
[2018.09.24-20.31.46:183][999]LogModuleManager: Shutting down and abandoning module Sequencer (208)
[2018.09.24-20.31.46:183][999]LogModuleManager: Shutting down and abandoning module MessageLog (205)
[2018.09.24-20.31.46:183][999]LogModuleManager: Shutting down and abandoning module SlateReflector (200)
[2018.09.24-20.31.46:183][999]LogModuleManager: Shutting down and abandoning module Slate (198)
[2018.09.24-20.31.46:183][999]LogModuleManager: Shutting down and abandoning module EditorStyle (196)
[2018.09.24-20.31.46:184][999]LogModuleManager: Shutting down and abandoning module MRMesh (194)
[2018.09.24-20.31.46:184][999]LogModuleManager: Shutting down and abandoning module SourceCodeAccess (192)
[2018.09.24-20.31.46:184][999]LogModuleManager: Shutting down and abandoning module HeadMountedDisplay (190)
[2018.09.24-20.31.46:184][999]LogModuleManager: Shutting down and abandoning module XAudio2 (188)
[2018.09.24-20.31.46:184][999]LogModuleManager: Shutting down and abandoning module Networking (186)
[2018.09.24-20.31.46:184][999]LogModuleManager: Shutting down and abandoning module Core (184)
[2018.09.24-20.31.46:184][999]LogModuleManager: Shutting down and abandoning module LevelSequence (182)
[2018.09.24-20.31.46:184][999]LogModuleManager: Shutting down and abandoning module KismetCompiler (180)
[2018.09.24-20.31.46:184][999]LogModuleManager: Shutting down and abandoning module MeshUtilities (178)
[2018.09.24-20.31.46:184][999]LogModuleManager: Shutting down and abandoning module MeshMergeUtilities (177)
[2018.09.24-20.31.46:184][999]LogModuleManager: Shutting down and abandoning module MeshReductionInterface (176)
[2018.09.24-20.31.46:184][999]LogModuleManager: Shutting down and abandoning module SimplygonSwarm (175)
[2018.09.24-20.31.46:184][999]LogModuleManager: Shutting down and abandoning module ProxyLODMeshReduction (173)
[2018.09.24-20.31.46:184][999]LogModuleManager: Shutting down and abandoning module SimplygonMeshReduction (171)
[2018.09.24-20.31.46:185][999]LogModuleManager: Shutting down and abandoning module QuadricMeshReduction (169)
[2018.09.24-20.31.46:185][999]LogModuleManager: Shutting down and abandoning module MaterialBaking (165)
[2018.09.24-20.31.46:185][999]LogModuleManager: Shutting down and abandoning module DirectoryWatcher (161)
[2018.09.24-20.31.46:185][999]LogModuleManager: Shutting down and abandoning module DerivedDataCache (158)
[2018.09.24-20.31.46:240][999]LogDerivedDataCache: Shutdown
[2018.09.24-20.31.46:240][999]LogModuleManager: Shutting down and abandoning module XGEController (156)
[2018.09.24-20.31.46:240][999]LogModuleManager: Shutting down and abandoning module TargetPlatform (154)
[2018.09.24-20.31.46:240][999]LogModuleManager: Shutting down and abandoning module VulkanShaderFormat (153)
[2018.09.24-20.31.46:240][999]LogModuleManager: Shutting down and abandoning module ShaderFormatVectorVM (151)
[2018.09.24-20.31.46:240][999]LogModuleManager: Shutting down and abandoning module ShaderFormatOpenGL (149)
[2018.09.24-20.31.46:240][999]LogModuleManager: Shutting down and abandoning module ShaderFormatD3D (147)
[2018.09.24-20.31.46:240][999]LogModuleManager: Shutting down and abandoning module MetalShaderFormat (145)
[2018.09.24-20.31.46:240][999]LogModuleManager: Shutting down and abandoning module TextureFormatUncompressed (143)
[2018.09.24-20.31.46:240][999]LogModuleManager: Shutting down and abandoning module TextureFormatPVR (141)
[2018.09.24-20.31.46:240][999]LogModuleManager: Shutting down and abandoning module TextureFormatDXT (139)
[2018.09.24-20.31.46:240][999]LogModuleManager: Shutting down and abandoning module TextureFormatIntelISPCTexComp (137)
[2018.09.24-20.31.46:241][999]LogModuleManager: Shutting down and abandoning module TextureFormatASTC (135)
[2018.09.24-20.31.46:241][999]LogModuleManager: Shutting down and abandoning module ImageWrapper (134)
[2018.09.24-20.31.46:241][999]LogModuleManager: Shutting down and abandoning module TextureFormatAndroid (131)
[2018.09.24-20.31.46:241][999]LogModuleManager: Shutting down and abandoning module AudioFormatOpus (129)
[2018.09.24-20.31.46:241][999]LogModuleManager: Shutting down and abandoning module AudioFormatOgg (127)
[2018.09.24-20.31.46:241][999]LogModuleManager: Shutting down and abandoning module AudioFormatADPCM (125)
[2018.09.24-20.31.46:241][999]LogModuleManager: Shutting down and abandoning module LuminTargetPlatform (123)
[2018.09.24-20.31.46:241][999]LogModuleManager: Shutting down and abandoning module LinuxTargetPlatform (121)
[2018.09.24-20.31.46:241][999]LogModuleManager: Shutting down and abandoning module LinuxServerTargetPlatform (119)
[2018.09.24-20.31.46:241][999]LogModuleManager: Shutting down and abandoning module LinuxNoEditorTargetPlatform (117)
[2018.09.24-20.31.46:241][999]LogModuleManager: Shutting down and abandoning module LinuxClientTargetPlatform (115)
[2018.09.24-20.31.46:241][999]LogModuleManager: Shutting down and abandoning module TVOSTargetPlatform (113)
[2018.09.24-20.31.46:241][999]LogModuleManager: Shutting down and abandoning module Messaging (111)
[2018.09.24-20.31.46:241][999]LogModuleManager: Shutting down and abandoning module IOSTargetPlatform (109)
[2018.09.24-20.31.46:242][999]LogModuleManager: Shutting down and abandoning module HTML5TargetPlatform (107)
[2018.09.24-20.31.46:242][999]LogModuleManager: Shutting down and abandoning module AndroidTargetPlatform (105)
[2018.09.24-20.31.46:247][999]LogModuleManager: Shutting down and abandoning module WindowsTargetPlatform (103)
[2018.09.24-20.31.46:247][999]LogModuleManager: Shutting down and abandoning module WindowsServerTargetPlatform (101)
[2018.09.24-20.31.46:247][999]LogModuleManager: Shutting down and abandoning module WindowsNoEditorTargetPlatform (99)
[2018.09.24-20.31.46:247][999]LogModuleManager: Shutting down and abandoning module WindowsClientTargetPlatform (97)
[2018.09.24-20.31.46:248][999]LogModuleManager: Shutting down and abandoning module MacTargetPlatform (95)
[2018.09.24-20.31.46:248][999]LogModuleManager: Shutting down and abandoning module MacServerTargetPlatform (93)
[2018.09.24-20.31.46:248][999]LogModuleManager: Shutting down and abandoning module MacNoEditorTargetPlatform (91)
[2018.09.24-20.31.46:248][999]LogModuleManager: Shutting down and abandoning module MacClientTargetPlatform (89)
[2018.09.24-20.31.46:248][999]LogModuleManager: Shutting down and abandoning module AllDesktopTargetPlatform (87)
[2018.09.24-20.31.46:248][999]LogModuleManager: Shutting down and abandoning module InputCore (84)
[2018.09.24-20.31.46:248][999]LogModuleManager: Shutting down and abandoning module Settings (82)
[2018.09.24-20.31.46:248][999]LogModuleManager: Shutting down and abandoning module PhysXCooking (80)
[2018.09.24-20.31.46:248][999]LogModuleManager: Shutting down and abandoning module ExampleDeviceProfileSelector (78)
[2018.09.24-20.31.46:248][999]LogModuleManager: Shutting down and abandoning module LauncherChunkInstaller (76)
[2018.09.24-20.31.46:248][999]LogModuleManager: Shutting down and abandoning module OnlineBlueprintSupport (74)
[2018.09.24-20.31.46:248][999]LogModuleManager: Shutting down and abandoning module OnlineSubsystem (70)
[2018.09.24-20.31.46:249][999]LogModuleManager: Shutting down and abandoning module XMPP (65)
[2018.09.24-20.31.46:249][999]LogModuleManager: Shutting down and abandoning module WebSockets (64)
[2018.09.24-20.31.46:270][999]LogModuleManager: Shutting down and abandoning module HTTP (61)
[2018.09.24-20.31.46:270][999]LogHttp: Display: Http module shutting down, but needs to wait on 1 outstanding Http requests:
[2018.09.24-20.31.46:270][999]LogHttp: Display: 	verb=[POST] url=[https://datarouter.ol.epicgames.com/datarouter/api/v1/public/data?SessionID=%7BAA611284-4DF7-CC68-9B30-9D8F0950009F%7D&AppID=UEEditor.Rocket.Release&AppVersion=4.20.3-4369336%2B%2B%2BUE4%2BRelease-4.20&UserID=b7e2a42945eab96542536abf024dc112%7C398518f23c194d7a933b889b667037bd%7C6b9dd19b-555f-499a-b677-d79685152208&AppEnvironment=datacollector-binary&UploadType=eteventstream] status=Processing
[2018.09.24-20.31.46:296][999]LogModuleManager: Shutting down and abandoning module SSL (60)
[2018.09.24-20.31.46:297][999]LogModuleManager: Shutting down and abandoning module MagicLeapEmulator (56)
[2018.09.24-20.31.46:297][999]LogModuleManager: Shutting down and abandoning module MagicLeapPrivileges (54)
[2018.09.24-20.31.46:297][999]LogModuleManager: Shutting down and abandoning module MagicLeapIdentity (52)
[2018.09.24-20.31.46:297][999]LogModuleManager: Shutting down and abandoning module MagicLeapHelperVulkan (50)
[2018.09.24-20.31.46:297][999]LogModuleManager: Shutting down and abandoning module MagicLeapHelperOpenGL (48)
[2018.09.24-20.31.46:297][999]LogModuleManager: Shutting down and abandoning module MagicLeapSecureStorage (46)
[2018.09.24-20.31.46:297][999]LogModuleManager: Shutting down and abandoning module MagicLeapGestures (44)
[2018.09.24-20.31.46:297][999]LogModuleManager: Shutting down and abandoning module MagicLeapEyeTracker (42)
[2018.09.24-20.31.46:297][999]LogModuleManager: Shutting down and abandoning module MagicLeapController (40)
[2018.09.24-20.31.46:297][999]LogSlate: Slate User Destroyed.  User Index 0, Is Virtual User: 0
[2018.09.24-20.31.46:297][999]LogModuleManager: Shutting down and abandoning module MagicLeap (38)
[2018.09.24-20.31.46:297][999]LogModuleManager: Shutting down and abandoning module AnimationModifiers (36)
[2018.09.24-20.31.46:297][999]LogModuleManager: Shutting down and abandoning module PropertyEditor (35)
[2018.09.24-20.31.46:297][999]LogModuleManager: Shutting down and abandoning module AudioEditor (32)
[2018.09.24-20.31.46:297][999]LogModuleManager: Shutting down and abandoning module TextureCompressor (30)
[2018.09.24-20.31.46:297][999]LogModuleManager: Shutting down and abandoning module ShaderCore (28)
[2018.09.24-20.31.46:297][999]LogModuleManager: Shutting down and abandoning module Landscape (26)
[2018.09.24-20.31.46:297][999]LogModuleManager: Shutting down and abandoning module SlateRHIRenderer (24)
[2018.09.24-20.31.46:298][999]LogModuleManager: Shutting down and abandoning module OpenGLDrv (22)
[2018.09.24-20.31.46:298][999]LogModuleManager: Shutting down and abandoning module D3D11RHI (20)
[2018.09.24-20.31.46:298][999]LogModuleManager: Shutting down and abandoning module AnimGraphRuntime (18)
[2018.09.24-20.31.46:298][999]LogModuleManager: Shutting down and abandoning module Renderer (16)
[2018.09.24-20.31.46:298][999]LogModuleManager: Shutting down and abandoning module Engine (14)
[2018.09.24-20.31.46:298][999]LogModuleManager: Shutting down and abandoning module CoreUObject (12)
[2018.09.24-20.31.46:298][999]LogModuleManager: Shutting down and abandoning module NetworkFile (10)
[2018.09.24-20.31.46:298][999]LogModuleManager: Shutting down and abandoning module CookedIterativeFile (8)
[2018.09.24-20.31.46:298][999]LogModuleManager: Shutting down and abandoning module StreamingFile (6)
[2018.09.24-20.31.46:298][999]LogModuleManager: Shutting down and abandoning module SandboxFile (4)
[2018.09.24-20.31.46:298][999]LogModuleManager: Shutting down and abandoning module PakFile (2)
[2018.09.24-20.31.46:304][999]LogExit: Exiting.
[2018.09.24-20.31.46:327][999]Log file closed, 09/24/18 16:31:46
