Log file open, 09/13/18 13:34:03
LogWindows: Failed to load 'aqProf.dll' (GetLastError=126)
LogWindows: File 'aqProf.dll' does not exist
LogWindows: Failed to load 'VSPerf140.dll' (GetLastError=126)
LogWindows: File 'VSPerf140.dll' does not exist
LogWindows: Failed to load 'VtuneApi.dll' (GetLastError=126)
LogWindows: File 'VtuneApi.dll' does not exist
LogWindows: Failed to load 'VtuneApi32e.dll' (GetLastError=126)
LogWindows: File 'VtuneApi32e.dll' does not exist
LogInit: Display: Running engine for game: AIrShipCity
LogPlatformFile: Not using cached read wrapper
LogTaskGraph: Started task graph with 5 named threads and 23 total threads with 3 sets of task threads.
LogStats: Stats thread started at 0.346255
LogD3D11RHI: Loaded GFSDK_Aftermath_Lib.x64.dll
LogICUInternationalization: Display: ICU TimeZone Detection - Raw Offset: -5:00, Platform Override: ''
LogPluginManager: Mounting plugin Paper2D
LogPluginManager: Mounting plugin AISupport
LogPluginManager: Mounting plugin LightPropagationVolume
LogPluginManager: Mounting plugin CLionSourceCodeAccess
LogPluginManager: Mounting plugin CodeLiteSourceCodeAccess
LogPluginManager: Mounting plugin GitSourceControl
LogPluginManager: Mounting plugin KDevelopSourceCodeAccess
LogPluginManager: Mounting plugin NullSourceCodeAccess
LogPluginManager: Mounting plugin PerforceSourceControl
LogPluginManager: Mounting plugin SubversionSourceControl
LogPluginManager: Mounting plugin UObjectPlugin
LogPluginManager: Mounting plugin VisualStudioCodeSourceCodeAccess
LogPluginManager: Mounting plugin VisualStudioSourceCodeAccess
LogPluginManager: Mounting plugin XCodeSourceCodeAccess
LogPluginManager: Mounting plugin AssetManagerEditor
LogPluginManager: Mounting plugin CryptoKeys
LogPluginManager: Mounting plugin DataValidation
LogPluginManager: Mounting plugin FacialAnimation
LogPluginManager: Mounting plugin GameplayTagsEditor
LogPluginManager: Mounting plugin MacGraphicsSwitching
LogPluginManager: Mounting plugin MeshEditor
LogPluginManager: Mounting plugin MobileLauncherProfileWizard
LogPluginManager: Mounting plugin PluginBrowser
LogPluginManager: Mounting plugin SpeedTreeImporter
LogPluginManager: Mounting plugin DatasmithContent
LogPluginManager: Mounting plugin AlembicImporter
LogPluginManager: Mounting plugin AppleImageUtils
LogPluginManager: Mounting plugin AppleVision
LogPluginManager: Mounting plugin BackChannel
LogPluginManager: Mounting plugin CharacterAI
LogPluginManager: Mounting plugin GeometryCache
LogPluginManager: Mounting plugin HTML5Networking
LogPluginManager: Mounting plugin ProxyLODPlugin
LogPluginManager: Mounting plugin MagicLeap
LogPluginManager: Mounting plugin MagicLeapEmulator
LogPluginManager: Mounting plugin MagicLeapMedia
LogPluginManager: Mounting plugin Substance
LogPluginManager: Mounting plugin AndroidMedia
LogPluginManager: Mounting plugin AvfMedia
LogPluginManager: Mounting plugin ImgMedia
LogPluginManager: Mounting plugin LinearTimecode
LogPluginManager: Mounting plugin MediaCompositing
LogPluginManager: Mounting plugin MediaPlayerEditor
LogPluginManager: Mounting plugin WmfMedia
LogPluginManager: Mounting plugin TcpMessaging
LogPluginManager: Mounting plugin UdpMessaging
LogPluginManager: Mounting plugin ActorSequence
LogPluginManager: Mounting plugin LevelSequenceEditor
LogPluginManager: Mounting plugin MatineeToLevelSequence
LogPluginManager: Mounting plugin NetcodeUnitTest
LogPluginManager: Mounting plugin NUTUnrealEngine4
LogPluginManager: Mounting plugin OnlineSubsystemGooglePlay
LogPluginManager: Mounting plugin OnlineSubsystemIOS
LogPluginManager: Mounting plugin OnlineSubsystem
LogPluginManager: Mounting plugin OnlineSubsystemNull
LogPluginManager: Mounting plugin OnlineSubsystemUtils
LogPluginManager: Mounting plugin LauncherChunkInstaller
LogPluginManager: Mounting plugin AndroidDeviceProfileSelector
LogPluginManager: Mounting plugin AndroidMoviePlayer
LogPluginManager: Mounting plugin AndroidPermission
LogPluginManager: Mounting plugin AppleMoviePlayer
LogPluginManager: Mounting plugin ArchVisCharacter
LogPluginManager: Mounting plugin AudioCapture
LogPluginManager: Mounting plugin CableComponent
LogPluginManager: Mounting plugin CustomMeshComponent
LogPluginManager: Mounting plugin EditableMesh
LogPluginManager: Mounting plugin ExampleDeviceProfileSelector
LogPluginManager: Mounting plugin GoogleCloudMessaging
LogPluginManager: Mounting plugin ImmediatePhysics
LogPluginManager: Mounting plugin IOSDeviceProfileSelector
LogPluginManager: Mounting plugin LinuxDeviceProfileSelector
LogPluginManager: Mounting plugin LocationServicesBPLibrary
LogPluginManager: Mounting plugin MobilePatchingUtils
LogPluginManager: Mounting plugin OculusVR
LogPluginManager: Plugin shader directory ../../../Engine/Plugins/Runtime/Oculus/OculusVR/Shaders found
LogPluginManager: Mapping shader source directory ../../../Engine/Plugins/Runtime/Oculus/OculusVR/Shaders to virtual directory /Plugin/OculusVR
LogPluginManager: Mounting plugin PhysXVehicles
LogPluginManager: Mounting plugin ProceduralMeshComponent
LogPluginManager: Mounting plugin RuntimePhysXCooking
LogPluginManager: Mounting plugin SteamVR
LogPluginManager: Mounting plugin WindowsMoviePlayer
LogStreaming: Display: Took  0.110s to configure plugins.
LogInit: Using libcurl 7.55.1-DEV
LogInit:  - built for x86_64-pc-win32
LogInit:  - supports SSL with OpenSSL/1.0.2h
LogInit:  - supports HTTP deflate (compression) using libz 1.2.8
LogInit:  - other features:
LogInit:      CURL_VERSION_SSL
LogInit:      CURL_VERSION_LIBZ
LogInit:      CURL_VERSION_IPV6
LogInit:      CURL_VERSION_ASYNCHDNS
LogInit:      CURL_VERSION_LARGEFILE
LogInit:      CURL_VERSION_IDN
LogInit:  CurlRequestOptions (configurable via config and command line):
LogInit:  - bVerifyPeer = false  - Libcurl will NOT verify peer certificate
LogInit:  - bUseHttpProxy = false  - Libcurl will NOT use HTTP proxy
LogInit:  - bDontReuseConnections = false  - Libcurl will reuse connections
LogInit:  - CertBundlePath = nullptr  - Libcurl will use whatever was configured at build time.
LogInit:  - MaxHostConnections = 16  - Libcurl will limit the number of connections to a host
LogInit:  - LocalHostAddr = Default
LogInit:  - BufferSize = 65536
LogInit: WinSock: version 1.1 (2.2), MaxSocks=32767, MaxUdp=65467
LogInit: Build: ++UE4+Release-4.20-CL-4302132
LogInit: Engine Version: 4.20.2-4302132+++UE4+Release-4.20
LogInit: Compatible Engine Version: 4.20.0-4212847+++UE4+Release-4.20
LogInit: Net CL: 4212847
LogInit: OS: Windows 10 (), CPU: Intel(R) Core(TM) i7-7700HQ CPU @ 2.80GHz, GPU: Intel(R) HD Graphics 630
LogInit: Compiled (64-bit): Aug 21 2018 02:06:06
LogInit: Compiled with Visual C++: 19.13.26129.00
LogInit: Build Configuration: Development
LogInit: Branch Name: ++UE4+Release-4.20
LogInit: Command Line:  
LogInit: Base Directory: C:/Program Files/Epic Games/UE_4.20/Engine/Binaries/Win64/
LogInit: Installed Engine Build: 1
LogDevObjectVersion: Number of dev versions registered: 20
LogDevObjectVersion:   Dev-Blueprints (B0D832E4-1F89-4F0D-ACCF-7EB736FD4AA2): 10
LogDevObjectVersion:   Dev-Build (E1C64328-A22C-4D53-A36C-8E866417BD8C): 0
LogDevObjectVersion:   Dev-Core (375EC13C-06E4-48FB-B500-84F0262A717E): 2
LogDevObjectVersion:   Dev-Editor (E4B068ED-F494-42E9-A231-DA0B2E46BB41): 24
LogDevObjectVersion:   Dev-Framework (CFFC743F-43B0-4480-9391-14DF171D2073): 34
LogDevObjectVersion:   Dev-Mobile (B02B49B5-BB20-44E9-A304-32B752E40360): 2
LogDevObjectVersion:   Dev-Networking (A4E4105C-59A1-49B5-A7C5-40C4547EDFEE): 0
LogDevObjectVersion:   Dev-Online (39C831C9-5AE6-47DC-9A44-9C173E1C8E7C): 0
LogDevObjectVersion:   Dev-Physics (78F01B33-EBEA-4F98-B9B4-84EACCB95AA2): 0
LogDevObjectVersion:   Dev-Platform (6631380F-2D4D-43E0-8009-CF276956A95A): 0
LogDevObjectVersion:   Dev-Rendering (12F88B9F-8875-4AFC-A67C-D90C383ABD29): 26
LogDevObjectVersion:   Dev-Sequencer (7B5AE74C-D270-4C10-A958-57980B212A5A): 9
LogDevObjectVersion:   Dev-VR (D7296918-1DD6-4BDD-9DE2-64A83CC13884): 2
LogDevObjectVersion:   Dev-LoadTimes (C2A15278-BFE7-4AFE-6C17-90FF531DF755): 1
LogDevObjectVersion:   Private-Geometry (6EACA3D4-40EC-4CC1-B786-8BED09428FC5): 3
LogDevObjectVersion:   Dev-AnimPhys (29E575DD-E0A3-4627-9D10-D276232CDCEA): 17
LogDevObjectVersion:   Dev-ReflectionCapture (6B266CEC-1EC7-4B8F-A30B-E4D90942FC07): 1
LogDevObjectVersion:   Dev-Automation (0DF73D61-A23F-47EA-B727-89E90C41499A): 1
LogDevObjectVersion:   FortniteMain (601D1886-AC64-4F84-AA16-D3DE0DEAC7D6): 12
LogDevObjectVersion:   Dev-Enterprise (9DFFBCD6-494F-0158-E221-12823C92A888): 1
LogStreaming: Display: Took  0.002s to delete old logs.
LogInit: Presizing for max 8388607 objects, including 0 objects not considered by GC, pre-allocating 0 bytes for permanent pool.
LogInit: Object subsystem initialized
[2018.09.13-17.34.03:792][  0]LogInit: Selected Device Profile: [Windows]
[2018.09.13-17.34.03:792][  0]LogInit: Applying CVar settings loaded from the selected device profile: [Windows]
[2018.09.13-17.34.03:805][  0]LogHAL: Display: Platform has ~ 16 GB [17059098624 / 17179869184 / 16], which maps to Larger [LargestMinGB=32, LargerMinGB=12, DefaultMinGB=8, SmallerMinGB=6, SmallestMinGB=0)
[2018.09.13-17.34.03:805][  0]LogInit: Setting Device Profile CVar: [[r.Vulkan.UseRealUBs:1]]
[2018.09.13-17.34.03:805][  0]LogInit: Going up to parent DeviceProfile []
[2018.09.13-17.34.03:806][  0]LogInit: Computer: DESKTOP-64TP9F5
[2018.09.13-17.34.03:806][  0]LogInit: User: justi
[2018.09.13-17.34.03:806][  0]LogInit: CPU Page size=4096, Cores=4
[2018.09.13-17.34.03:806][  0]LogInit: High frequency timer resolution =2.742188 MHz
[2018.09.13-17.34.03:806][  0]LogMemory: Memory total: Physical=15.9GB (16GB approx)
[2018.09.13-17.34.03:806][  0]LogMemory: Platform Memory Stats for Windows
[2018.09.13-17.34.03:806][  0]LogMemory: Process Physical Memory: 100.06 MB used, 100.06 MB peak
[2018.09.13-17.34.03:806][  0]LogMemory: Process Virtual Memory: 91.09 MB used, 91.09 MB peak
[2018.09.13-17.34.03:806][  0]LogMemory: Physical Memory: 5790.76 MB used,  10478.07 MB free, 16268.82 MB total
[2018.09.13-17.34.03:806][  0]LogMemory: Virtual Memory: 4644.97 MB used,  10478.07 MB free, 134217728.00 MB total
[2018.09.13-17.34.03:823][  0]LogInit: Using OS detected language (en-US).
[2018.09.13-17.34.03:823][  0]LogInit: Using OS detected locale (en-US).
[2018.09.13-17.34.03:824][  0]LogTextLocalizationManager: No specific localization for 'en-US' exists, so the 'en' localization will be used.
[2018.09.13-17.34.04:278][  0]LogStreaming: Display: Took  0.454s to InitEngineTextLocalization.
[2018.09.13-17.34.04:278][  0]LogInit: Setting process to per monitor DPI aware
[2018.09.13-17.34.04:334][  0]LogSlate: New Slate User Created.  User Index 0, Is Virtual User: 0
[2018.09.13-17.34.04:334][  0]LogSlate: Slate User Registered.  User Index 0, Is Virtual User: 0
[2018.09.13-17.34.04:553][  0]LogHMD: Failed to initialize OpenVR with code 110
[2018.09.13-17.34.04:553][  0]LogD3D11RHI: D3D11 adapters:
[2018.09.13-17.34.04:591][  0]LogD3D11RHI:    0. 'NVIDIA GeForce GTX 1050 Ti' (Feature Level 11_0)
[2018.09.13-17.34.04:591][  0]LogD3D11RHI:       4061/0/8134 MB DedicatedVideo/DedicatedSystem/SharedSystem, Outputs:2, VendorId:0x10de
[2018.09.13-17.34.04:598][  0]LogD3D11RHI:    1. 'Intel(R) HD Graphics 630' (Feature Level 11_0)
[2018.09.13-17.34.04:599][  0]LogD3D11RHI:       128/0/8134 MB DedicatedVideo/DedicatedSystem/SharedSystem, Outputs:0, VendorId:0x8086
[2018.09.13-17.34.04:602][  0]LogD3D11RHI:    2. 'Microsoft Basic Render Driver' (Feature Level 11_0)
[2018.09.13-17.34.04:602][  0]LogD3D11RHI:       0/0/8134 MB DedicatedVideo/DedicatedSystem/SharedSystem, Outputs:0, VendorId:0x1414
[2018.09.13-17.34.04:602][  0]LogD3D11RHI: Chosen D3D11 Adapter: 0
[2018.09.13-17.34.04:619][  0]LogD3D11RHI: Creating new Direct3DDevice
[2018.09.13-17.34.04:619][  0]LogD3D11RHI:     GPU DeviceId: 0x1c8c (for the marketing name, search the web for "GPU Device Id")
[2018.09.13-17.34.04:619][  0]LogWindows: EnumDisplayDevices:
[2018.09.13-17.34.04:619][  0]LogWindows:    0. 'Intel(R) HD Graphics 630' (P:1 D:1)
[2018.09.13-17.34.04:619][  0]LogWindows:    1. 'Intel(R) HD Graphics 630' (P:0 D:1)
[2018.09.13-17.34.04:619][  0]LogWindows:    2. 'Intel(R) HD Graphics 630' (P:0 D:0)
[2018.09.13-17.34.04:619][  0]LogWindows: DebugString: PrimaryIsNotTheChoosenAdapter PrimaryIsNotTheChoosenAdapter PrimaryIsNotTheChoosenAdapter FoundDriverCount:0 
[2018.09.13-17.34.04:619][  0]LogD3D11RHI:     Adapter Name: NVIDIA GeForce GTX 1050 Ti
[2018.09.13-17.34.04:620][  0]LogD3D11RHI:   Driver Version: Unknown (internal:Unknown, unified:Unknown)
[2018.09.13-17.34.04:620][  0]LogD3D11RHI:      Driver Date: Unknown
[2018.09.13-17.34.04:620][  0]LogRHI: Texture pool is 2843 MB (70% of 4061 MB)
[2018.09.13-17.34.04:644][  0]LogD3D11RHI: Async texture creation enabled
[2018.09.13-17.34.04:655][  0]LogD3D11RHI: GPU Timing Frequency: 1000.000000 (Debug: 2 1)
[2018.09.13-17.34.04:656][  0]LogShaderCompilers: Guid format shader working directory is -29 characters bigger than the processId version (../../../../../../Users/justi/OneDrive/Documents/GitHub/AirCity/AIrShipCity/Intermediate/Shaders/WorkingDirectory/4264/).
[2018.09.13-17.34.04:656][  0]LogShaderCompilers: Cleaned the shader compiler working directory 'C:/Users/justi/AppData/Local/Temp/UnrealShaderWorkingDir/C1A8D0A84848A37EFCC9FB896ED59320/'.
[2018.09.13-17.34.04:981][  0]LogTemp: Display: Loaded TP AllDesktopTargetPlatform
[2018.09.13-17.34.04:996][  0]LogTemp: Display: Loaded TP MacClientTargetPlatform
[2018.09.13-17.34.05:009][  0]LogTemp: Display: Loaded TP MacNoEditorTargetPlatform
[2018.09.13-17.34.05:025][  0]LogTemp: Display: Loaded TP MacServerTargetPlatform
[2018.09.13-17.34.05:039][  0]LogTemp: Display: Loaded TP MacTargetPlatform
[2018.09.13-17.34.05:053][  0]LogTemp: Display: Loaded TP WindowsClientTargetPlatform
[2018.09.13-17.34.05:066][  0]LogTemp: Display: Loaded TP WindowsNoEditorTargetPlatform
[2018.09.13-17.34.05:081][  0]LogTemp: Display: Loaded TP WindowsServerTargetPlatform
[2018.09.13-17.34.05:087][  0]LogTemp: Display: Loaded TP WindowsTargetPlatform
[2018.09.13-17.34.05:167][  0]LogTemp: Display: Loaded TP AndroidTargetPlatform
[2018.09.13-17.34.05:168][  0]LogTemp: Display: Loaded TP AndroidTargetPlatform
[2018.09.13-17.34.05:168][  0]LogTemp: Display: Loaded TP AndroidTargetPlatform
[2018.09.13-17.34.05:168][  0]LogTemp: Display: Loaded TP AndroidTargetPlatform
[2018.09.13-17.34.05:168][  0]LogTemp: Display: Loaded TP AndroidTargetPlatform
[2018.09.13-17.34.05:168][  0]LogTemp: Display: Loaded TP AndroidTargetPlatform
[2018.09.13-17.34.05:168][  0]LogTemp: Display: Loaded TP AndroidTargetPlatform
[2018.09.13-17.34.05:168][  0]LogTemp: Display: Loaded TP AndroidTargetPlatform
[2018.09.13-17.34.05:168][  0]LogTemp: Display: Loaded TP AndroidTargetPlatform
[2018.09.13-17.34.05:168][  0]LogTemp: Display: Loaded TP AndroidTargetPlatform
[2018.09.13-17.34.05:168][  0]LogTemp: Display: Loaded TP AndroidTargetPlatform
[2018.09.13-17.34.05:168][  0]LogTemp: Display: Loaded TP AndroidTargetPlatform
[2018.09.13-17.34.05:168][  0]LogTemp: Display: Loaded TP AndroidTargetPlatform
[2018.09.13-17.34.05:168][  0]LogTemp: Display: Loaded TP AndroidTargetPlatform
[2018.09.13-17.34.05:168][  0]LogTemp: Display: Loaded TP AndroidTargetPlatform
[2018.09.13-17.34.05:168][  0]LogTemp: Display: Loaded TP AndroidTargetPlatform
[2018.09.13-17.34.05:168][  0]LogTemp: Display: Loaded TP AndroidTargetPlatform
[2018.09.13-17.34.05:168][  0]LogTemp: Display: Loaded TP AndroidTargetPlatform
[2018.09.13-17.34.05:169][  0]LogTemp: Display: Loaded TP HTML5TargetPlatform
[2018.09.13-17.34.05:230][  0]LogTemp: Display: Loaded TP IOSTargetPlatform
[2018.09.13-17.34.05:230][  0]LogTemp: Display: Loaded TP IOSTargetPlatform
[2018.09.13-17.34.05:256][  0]LogTemp: Display: Loaded TP TVOSTargetPlatform
[2018.09.13-17.34.05:256][  0]LogTemp: Display: Loaded TP TVOSTargetPlatform
[2018.09.13-17.34.05:270][  0]LogTemp: Display: Loaded TP LinuxClientTargetPlatform
[2018.09.13-17.34.05:282][  0]LogTemp: Display: Loaded TP LinuxNoEditorTargetPlatform
[2018.09.13-17.34.05:296][  0]LogTemp: Display: Loaded TP LinuxServerTargetPlatform
[2018.09.13-17.34.05:309][  0]LogTemp: Display: Loaded TP LinuxTargetPlatform
[2018.09.13-17.34.05:319][  0]LogTemp: Display: Loaded TP LuminTargetPlatform
[2018.09.13-17.34.05:320][  0]LogTargetPlatformManager: Display: Building Assets For Windows
[2018.09.13-17.34.05:383][  0]LogXGEController: Cannot use XGE Controller as Incredibuild is not installed on this machine.
[2018.09.13-17.34.05:383][  0]LogShaderCompilers: Cannot use XGE Shader Compiler as Incredibuild is not installed on this machine.
[2018.09.13-17.34.05:383][  0]LogShaderCompilers: Display: Using Local Shader Compiler.
[2018.09.13-17.34.06:110][  0]LogDerivedDataCache: Display: Max Cache Size: 512 MB
[2018.09.13-17.34.06:171][  0]LogDerivedDataCache: Loaded boot cache 0.06s 71MB C:/Users/justi/AppData/Local/UnrealEngine/4.20/DerivedDataCache/Boot.ddc.
[2018.09.13-17.34.06:171][  0]LogDerivedDataCache: Display: Loaded Boot cache: C:/Users/justi/AppData/Local/UnrealEngine/4.20/DerivedDataCache/Boot.ddc
[2018.09.13-17.34.06:171][  0]LogDerivedDataCache: FDerivedDataBackendGraph:  Pak pak cache file ../../../../../../Users/justi/OneDrive/Documents/GitHub/AirCity/AIrShipCity/DerivedDataCache/DDC.ddp not found, will not use a pak cache.
[2018.09.13-17.34.06:171][  0]LogDerivedDataCache: Unable to find inner node Pak for hierarchical cache Hierarchy.
[2018.09.13-17.34.06:171][  0]LogDerivedDataCache: FDerivedDataBackendGraph:  CompressedPak pak cache file ../../../../../../Users/justi/OneDrive/Documents/GitHub/AirCity/AIrShipCity/DerivedDataCache/Compressed.ddp not found, will not use a pak cache.
[2018.09.13-17.34.06:171][  0]LogDerivedDataCache: Unable to find inner node CompressedPak for hierarchical cache Hierarchy.
[2018.09.13-17.34.06:184][  0]LogDerivedDataCache: Display: Pak cache opened for reading ../../../Engine/DerivedDataCache/Compressed.ddp.
[2018.09.13-17.34.06:198][  0]LogDerivedDataCache: Using Local data cache path C:/Users/justi/AppData/Local/UnrealEngine/Common/DerivedDataCache: Writable
[2018.09.13-17.34.06:198][  0]LogDerivedDataCache: Shared data cache path not found in *engine.ini, will not use an Shared cache.
[2018.09.13-17.34.06:198][  0]LogDerivedDataCache: Unable to find inner node Shared for hierarchical cache Hierarchy.
[2018.09.13-17.34.06:216][  0]LogMaterial: Verifying Global Shaders for PCD3D_SM5
[2018.09.13-17.34.06:218][  0]LogSlate: Using FreeType 2.6.0
[2018.09.13-17.34.06:219][  0]LogSlate: SlateFontServices - WITH_FREETYPE: 1, WITH_HARFBUZZ: 1
[2018.09.13-17.34.06:290][  0]LogAssetRegistry: FAssetRegistry took 0.0262 seconds to start up
[2018.09.13-17.34.06:644][  0]LogInit: Selected Device Profile: [Windows]
[2018.09.13-17.34.06:782][  0]LogSimplygon: Simplygon DLL not present - disabling.
[2018.09.13-17.34.06:786][  0]LogMeshReduction: Using SimplygonSwarm for distributed automatic mesh merging
[2018.09.13-17.34.06:786][  0]LogMeshReduction: Using ProxyLODMeshReduction for automatic mesh merging
[2018.09.13-17.34.06:787][  0]LogMeshReduction: Using QuadricMeshReduction for automatic static mesh reduction
[2018.09.13-17.34.06:787][  0]LogMeshReduction: No automatic skeletal mesh reduction module available
[2018.09.13-17.34.06:806][  0]LogNetVersion: AIrShipCity 1.0.0, NetCL: 4212847, EngineNetVer: 5, GameNetVer: 0 (Checksum: 2226790880)
[2018.09.13-17.34.07:353][  0]LogPackageLocalizationCache: Processed 11 localized package path(s) for 2 prioritized culture(s) in 0.126580 seconds
[2018.09.13-17.34.07:359][  0]LogUObjectArray: 38425 objects as part of root set at end of initial load.
[2018.09.13-17.34.07:359][  0]LogUObjectAllocator: 6690872 out of 0 bytes used by permanent object pool.
[2018.09.13-17.34.07:359][  0]LogUObjectArray: CloseDisregardForGC: 0/0 objects in disregard for GC pool
[2018.09.13-17.34.08:221][  0]LogSubstanceCoreModule: Substance [CPU] Engine Loaded, Max Texture Size = 2048
[2018.09.13-17.34.08:224][  0]LogTcpMessaging: Initializing TcpMessaging bridge
[2018.09.13-17.34.08:238][  0]LogUdpMessaging: Initializing bridge on interface 0.0.0.0:0 to multicast group 230.0.0.1:6666.
[2018.09.13-17.34.08:398][  0]SourceControl: Source control is disabled
[2018.09.13-17.34.08:398][  0]SourceControl: Source control is disabled
[2018.09.13-17.34.08:400][  0]SourceControl: Source control is disabled
[2018.09.13-17.34.08:402][  0]SourceControl: Source control is disabled
[2018.09.13-17.34.08:571][  0]LogAndroidPermission: UAndroidPermissionCallbackProxy::GetInstance
[2018.09.13-17.34.08:658][  0]LogOcInput: OculusInput pre-init called
[2018.09.13-17.34.08:806][  0]LogEngine: Initializing Engine...
[2018.09.13-17.34.08:806][  0]LogHMD: Failed to initialize OpenVR with code 110
[2018.09.13-17.34.08:808][  0]LogStats: UGameplayTagsManager::ConstructGameplayTagTree: ImportINI prefixes -  0.000 s
[2018.09.13-17.34.08:808][  0]LogStats: UGameplayTagsManager::ConstructGameplayTagTree: Construct from data asset -  0.000 s
[2018.09.13-17.34.08:808][  0]LogStats: UGameplayTagsManager::ConstructGameplayTagTree: ImportINI -  0.000 s
[2018.09.13-17.34.08:808][  0]LogStats: UGameplayTagsManager::ConstructGameplayTagTree: GameplayTagTreeChangedEvent.Broadcast -  0.000 s
[2018.09.13-17.34.09:049][  0]LogInit: Initializing FReadOnlyCVARCache
[2018.09.13-17.34.09:064][  0]LogAIModule: Creating AISystem for world Untitled
[2018.09.13-17.34.09:078][  0]LogInit: XAudio2 using 'Headset Earphone (2- Razer Kraken 7.1 Chroma)' : 2 channels at 48 kHz using 16 bits per sample (channel mask 0x3)
[2018.09.13-17.34.09:095][  0]LogInit: FAudioDevice initialized.
[2018.09.13-17.34.09:095][  0]LogNetVersion: Set ProjectVersion to 1.0.0.0. Version Checksum will be recalculated on next use.
[2018.09.13-17.34.09:192][  0]LogDerivedDataCache: Saved boot cache 0.10s 71MB C:/Users/justi/AppData/Local/UnrealEngine/4.20/DerivedDataCache/Boot.ddc.
[2018.09.13-17.34.09:206][  0]LogInit: Texture streaming: Enabled
[2018.09.13-17.34.09:223][  0]LogEngineSessionManager: EngineSessionManager initialized
[2018.09.13-17.34.09:239][  0]LogInit: Transaction tracking system initialized
[2018.09.13-17.34.09:260][  0]BlueprintLog: New page: Editor Load
[2018.09.13-17.34.09:340][  0]LocalizationService: Localization service is disabled
[2018.09.13-17.34.09:611][  0]LogCook: Display: Max memory allowance for cook 16384mb min free memory 0mb
[2018.09.13-17.34.09:611][  0]LogCook: Display: Mobile HDR setting 1
[2018.09.13-17.34.09:611][  0]LogGameplayTags: Display: UGameplayTagsManager::DoneAddingNativeTags. DelegateIsBound: 0
[2018.09.13-17.34.09:611][  0]LogStats: UGameplayTagsManager::ConstructGameplayTagTree: ImportINI prefixes -  0.000 s
[2018.09.13-17.34.09:611][  0]LogStats: UGameplayTagsManager::ConstructGameplayTagTree: Construct from data asset -  0.000 s
[2018.09.13-17.34.09:611][  0]LogStats: UGameplayTagsManager::ConstructGameplayTagTree: ImportINI -  0.000 s
[2018.09.13-17.34.09:611][  0]LogStats: UGameplayTagsManager::ConstructGameplayTagTree: GameplayTagTreeChangedEvent.Broadcast -  0.000 s
[2018.09.13-17.34.09:743][  0]LogFileCache: Scanning file cache for directory 'C:/Users/justi/OneDrive/Documents/GitHub/AirCity/AIrShipCity/Content/' took 0.02s
[2018.09.13-17.34.09:743][  0]SourceControl: Source control is disabled
[2018.09.13-17.34.09:743][  0]Cmd: MAP LOAD FILE="../../../../../../Users/justi/OneDrive/Documents/GitHub/AirCity/AIrShipCity/Content/FirstPersonBP/Maps/TestMap.umap" TEMPLATE=0 SHOWPROGRESS=1 FEATURELEVEL=3
[2018.09.13-17.34.09:744][  0]LightingResults: New page: Lighting Build
[2018.09.13-17.34.09:746][  0]MapCheck: New page: Map Check
[2018.09.13-17.34.09:746][  0]LightingResults: New page: Lighting Build
[2018.09.13-17.34.10:375][  0]LogAIModule: Creating AISystem for world TestMap
[2018.09.13-17.34.10:427][  0]LogEditorServer: Finished looking for orphan Actors (0.000 secs)
[2018.09.13-17.34.10:452][  0]Cmd: MAP CHECKDEP NOCLEARLOG
[2018.09.13-17.34.10:529][  0]MapCheck: Map check complete: 0 Error(s), 0 Warning(s), took 76.44ms to complete.
[2018.09.13-17.34.10:529][  0]LogFileHelpers: Loading map 'TestMap' took 0.786
[2018.09.13-17.34.10:648][  0]LogSlate: Updating window title bar state: overlay mode, drag disabled, window buttons hidden, title bar hidden
[2018.09.13-17.34.10:656][  0]LogSlate: Updating window title bar state: overlay mode, drag disabled, window buttons hidden, title bar hidden
[2018.09.13-17.34.10:664][  0]LogSlate: Updating window title bar state: overlay mode, drag disabled, window buttons hidden, title bar hidden
[2018.09.13-17.34.10:673][  0]LogSlate: Updating window title bar state: overlay mode, drag disabled, window buttons hidden, title bar hidden
[2018.09.13-17.34.10:681][  0]LogCollectionManager: Loaded 0 collections in 0.003148 seconds
[2018.09.13-17.34.10:728][  0]LogFileCache: Scanning file cache for directory 'C:/Users/justi/OneDrive/Documents/GitHub/AirCity/AIrShipCity/Saved/Collections/' took 0.01s
[2018.09.13-17.34.10:728][  0]LogFileCache: Scanning file cache for directory 'C:/Users/justi/OneDrive/Documents/GitHub/AirCity/AIrShipCity/Content/Developers/justi/Collections/' took 0.01s
[2018.09.13-17.34.10:728][  0]LogFileCache: Scanning file cache for directory 'C:/Users/justi/OneDrive/Documents/GitHub/AirCity/AIrShipCity/Content/Collections/' took 0.01s
[2018.09.13-17.34.10:728][  0]LogCollectionManager: Rebuilt the GUID cache for 0 collections in 0.000001 seconds
[2018.09.13-17.34.10:740][  0]LogContentBrowser: Native class hierarchy populated in 0.0116 seconds. Added 2586 classes and 609 folders.
[2018.09.13-17.34.10:746][  0]LogContentBrowser: Native class hierarchy updated for 'WidgetCarousel' in 0.0002 seconds. Added 0 classes and 0 folders.
[2018.09.13-17.34.10:787][  0]LogContentBrowser: Native class hierarchy updated for 'AddContentDialog' in 0.0002 seconds. Added 0 classes and 0 folders.
[2018.09.13-17.34.10:792][  0]LogContentBrowser: Native class hierarchy updated for 'SceneOutliner' in 0.0003 seconds. Added 1 classes and 2 folders.
[2018.09.13-17.34.10:841][  0]LogContentBrowser: Native class hierarchy updated for 'HierarchicalLODOutliner' in 0.0002 seconds. Added 0 classes and 0 folders.
[2018.09.13-17.34.10:841][  0]LogLoad: (Engine Initialization) Total time: 9.18 seconds
[2018.09.13-17.34.10:841][  0]LogLoad: (Engine Initialization) Total Blueprint compile time: 0.00 seconds
[2018.09.13-17.34.10:859][  0]LogWindowsTextInputMethodSystem: Display: IME system now deactivated.
[2018.09.13-17.34.10:880][  0]LogContentStreaming: Texture pool size now 1000 MB
[2018.09.13-17.34.10:881][  0]LogSlate: Took 0.000200 seconds to synchronously load lazily loaded font '../../../Engine/Content/Slate/Fonts/Roboto-Regular.ttf' (155K)
[2018.09.13-17.34.10:883][  0]LogSlate: Took 0.000130 seconds to synchronously load lazily loaded font '../../../Engine/Content/Slate/Fonts/Roboto-Bold.ttf' (160K)
[2018.09.13-17.34.10:889][  0]LogSlate: Took 0.000221 seconds to synchronously load lazily loaded font '../../../Engine/Content/Editor/Slate/Fonts/FontAwesome.ttf' (139K)
[2018.09.13-17.34.11:001][  0]LogSlate: Took 0.000305 seconds to synchronously load lazily loaded font '../../../Engine/Content/Slate/Fonts/Roboto-Light.ttf' (167K)
[2018.09.13-17.34.11:026][  1]LogRenderer: Reallocating scene render targets to support 792x344 Format 10 NumSamples 1 (Frame:1).
[2018.09.13-17.34.11:027][  1]LogSubstanceLiveLink: Warning: Unable to send data along socket, closing connection
[2018.09.13-17.34.11:045][  1]LogAssetRegistry: Asset discovery search completed in 4.7766 seconds
[2018.09.13-17.34.11:048][  1]LogCollectionManager: Rebuilt the object cache for 0 collections in 0.000000 seconds (found 0 objects)
[2018.09.13-17.34.11:048][  1]LogCollectionManager: Fixed up redirectors for 0 collections in 0.000084 seconds (updated 0 objects)
[2018.09.13-17.34.31:195][205]LogSlate: FSceneViewport::OnFocusLost() reason 0
[2018.09.13-17.34.31:341][211]LogRenderer: Reallocating scene render targets to support 952x388 Format 10 NumSamples 1 (Frame:1207).
[2018.09.13-17.34.59:216][850]LogLinker: Warning: Can't find file '/Game/Materials/Landscape'
[2018.09.13-17.34.59:217][850]LogLinker: Warning: Can't find file '/Game/Materials/Landscape'
[2018.09.13-17.34.59:217][850]LogUObjectGlobals: Warning: Failed to find object 'Object /Game/Materials/Landscape.Landscape'
[2018.09.13-17.37.11:249][540]LogSlate: FSceneViewport::OnFocusLost() reason 0
[2018.09.13-17.37.11:582][543]LogTexture: Display: Building textures: Texture2D_2 (G8, 128X128)
[2018.09.13-17.37.20:471][ 68]LogSlate: FSceneViewport::OnFocusLost() reason 0
[2018.09.13-17.37.20:540][ 71]LogRenderer: Reallocating scene render targets to support 952x392 Format 10 NumSamples 1 (Frame:5039).
[2018.09.13-17.37.20:583][ 72]LogRenderer: Reallocating scene render targets to support 952x400 Format 10 NumSamples 1 (Frame:5041).
[2018.09.13-17.37.20:634][ 73]LogRenderer: Reallocating scene render targets to support 952x420 Format 10 NumSamples 1 (Frame:5043).
[2018.09.13-17.37.20:681][ 74]LogRenderer: Reallocating scene render targets to support 952x452 Format 10 NumSamples 1 (Frame:5045).
[2018.09.13-17.37.20:727][ 75]LogRenderer: Reallocating scene render targets to support 952x472 Format 10 NumSamples 1 (Frame:5047).
[2018.09.13-17.37.20:769][ 76]LogRenderer: Reallocating scene render targets to support 952x484 Format 10 NumSamples 1 (Frame:5049).
[2018.09.13-17.37.20:813][ 77]LogRenderer: Reallocating scene render targets to support 952x500 Format 10 NumSamples 1 (Frame:5051).
[2018.09.13-17.37.20:855][ 78]LogRenderer: Reallocating scene render targets to support 952x512 Format 10 NumSamples 1 (Frame:5053).
[2018.09.13-17.37.20:899][ 79]LogRenderer: Reallocating scene render targets to support 952x524 Format 10 NumSamples 1 (Frame:5055).
[2018.09.13-17.37.20:943][ 80]LogRenderer: Reallocating scene render targets to support 952x540 Format 10 NumSamples 1 (Frame:5057).
[2018.09.13-17.37.20:986][ 81]LogRenderer: Reallocating scene render targets to support 952x548 Format 10 NumSamples 1 (Frame:5059).
[2018.09.13-17.37.21:035][ 82]LogRenderer: Reallocating scene render targets to support 952x556 Format 10 NumSamples 1 (Frame:5061).
[2018.09.13-17.37.21:078][ 83]LogRenderer: Reallocating scene render targets to support 952x564 Format 10 NumSamples 1 (Frame:5063).
[2018.09.13-17.37.21:125][ 84]LogRenderer: Reallocating scene render targets to support 952x568 Format 10 NumSamples 1 (Frame:5065).
[2018.09.13-17.37.41:631][311]LogSlate: FSceneViewport::OnFocusLost() reason 0
[2018.09.13-17.37.44:855][491]LogSlate: FSceneViewport::OnFocusLost() reason 0
[2018.09.13-17.37.57:339][230]LogSlate: FSceneViewport::OnFocusLost() reason 0
[2018.09.13-17.38.01:249][395]LogRenderer: Reallocating scene render targets to support 1192x736 Format 10 NumSamples 1 (Frame:7799).
[2018.09.13-17.38.05:097][620]LogRenderer: Reallocating scene render targets to support 1528x736 Format 10 NumSamples 1 (Frame:8019).
[2018.09.13-17.38.10:034][910]LogRenderer: Reallocating scene render targets to support 1528x964 Format 10 NumSamples 1 (Frame:8181).
[2018.09.13-17.38.40:449][178]LogRenderer: Reallocating scene render targets to support 1916x964 Format 10 NumSamples 1 (Frame:9089).
[2018.09.13-17.39.01:960][393]LogEditorViewport: Clicking on Actor (context menu): Landscape (Landscape)
[2018.09.13-17.39.02:034][393]LogSlate: FSceneViewport::OnFocusLost() reason 2
[2018.09.13-17.39.04:238][495]LogEditorViewport: Clicking on Actor (context menu): Landscape (Landscape)
[2018.09.13-17.39.04:274][495]LogSlate: FSceneViewport::OnFocusLost() reason 2
[2018.09.13-17.40.26:711][235]Cmd: TRANSACTION UNDO
[2018.09.13-17.40.26:711][235]LogEditorTransaction: Undo Landscape Editing: Visibility
[2018.09.13-17.40.26:728][235]LogTexture: Display: Building textures: Texture2D_60 (BGRA8, 64X64)
[2018.09.13-17.40.26:776][235]LogSlate: Took 0.000293 seconds to synchronously load lazily loaded font '../../../Engine/Content/Slate/Fonts/Roboto-Light.ttf' (167K)
[2018.09.13-17.40.47:035][390]Cmd: TRANSACTION UNDO
[2018.09.13-17.40.47:035][390]LogEditorTransaction: Undo Landscape Editing: Visibility
[2018.09.13-17.41.05:224][433]Cmd: TRANSACTION UNDO
[2018.09.13-17.41.05:224][433]LogEditorTransaction: Undo Landscape Editing: Visibility
[2018.09.13-17.41.05:243][433]LogTexture: Display: Building textures: Texture2D_60 (BGRA8, 64X64)
[2018.09.13-17.41.05:252][433]LogTexture: Display: Building textures: Texture2D_52 (BGRA8, 64X64)
[2018.09.13-17.41.05:262][433]LogTexture: Display: Building textures: Texture2D_56 (BGRA8, 64X64)
[2018.09.13-17.41.25:897][601]LogSlate: FSceneViewport::OnFocusLost() reason 2
[2018.09.13-17.41.39:317][367]Cmd: TRANSACTION UNDO
[2018.09.13-17.41.39:317][367]LogEditorTransaction: Undo Landscape Editing: Smooth
[2018.09.13-17.41.39:342][367]LogTexture: Display: Building textures: Texture2D_0 (BGRA8, 512X512)
[2018.09.13-17.41.39:768][384]Cmd: TRANSACTION UNDO
[2018.09.13-17.41.39:768][384]LogEditorTransaction: Undo Landscape Editing: Smooth
[2018.09.13-17.41.39:802][384]LogTexture: Display: Building textures: Texture2D_0 (BGRA8, 512X512)
[2018.09.13-17.41.40:284][409]Cmd: TRANSACTION UNDO
[2018.09.13-17.41.40:284][409]LogEditorTransaction: Undo Landscape Editing: Smooth
[2018.09.13-17.41.40:880][442]Cmd: TRANSACTION UNDO
[2018.09.13-17.41.40:880][442]LogEditorTransaction: Undo Landscape Editing: Visibility
[2018.09.13-17.41.40:897][442]LogTexture: Display: Building textures: Texture2D_60 (BGRA8, 64X64)
[2018.09.13-17.41.40:911][442]LogTexture: Display: Building textures: Texture2D_52 (BGRA8, 64X64)
[2018.09.13-17.41.41:528][476]Cmd: TRANSACTION UNDO
[2018.09.13-17.41.41:528][476]LogEditorTransaction: Undo Landscape Editing: Visibility
[2018.09.13-17.41.41:550][476]LogTexture: Display: Building textures: Texture2D_60 (BGRA8, 64X64)
[2018.09.13-17.41.42:563][535]Cmd: TRANSACTION UNDO
[2018.09.13-17.41.42:563][535]LogEditorTransaction: Undo Landscape Editing: Visibility
[2018.09.13-17.41.42:582][535]LogTexture: Display: Building textures: Texture2D_60 (BGRA8, 64X64)
[2018.09.13-17.41.43:389][580]Cmd: TRANSACTION UNDO
[2018.09.13-17.41.43:389][580]LogEditorTransaction: Undo Landscape Editing: Visibility
[2018.09.13-17.41.43:409][580]LogTexture: Display: Building textures: Texture2D_60 (BGRA8, 64X64)
[2018.09.13-17.41.44:194][626]Cmd: TRANSACTION UNDO
[2018.09.13-17.41.44:194][626]LogEditorTransaction: Undo Landscape Editing: Visibility
[2018.09.13-17.41.44:211][626]LogTexture: Display: Building textures: Texture2D_60 (BGRA8, 64X64)
[2018.09.13-17.41.44:788][660]Cmd: TRANSACTION UNDO
[2018.09.13-17.41.44:788][660]LogEditorTransaction: Undo Landscape Editing: Visibility
[2018.09.13-17.41.44:813][660]LogTexture: Display: Building textures: Texture2D_60 (BGRA8, 64X64)
[2018.09.13-17.41.45:391][694]Cmd: TRANSACTION UNDO
[2018.09.13-17.41.45:391][694]LogEditorTransaction: Undo Landscape Editing: Visibility
[2018.09.13-17.41.45:411][694]LogTexture: Display: Building textures: Texture2D_60 (BGRA8, 64X64)
[2018.09.13-17.41.45:916][723]Cmd: TRANSACTION UNDO
[2018.09.13-17.41.45:916][723]LogEditorTransaction: Undo Landscape Editing: Visibility
[2018.09.13-17.41.45:934][723]LogTexture: Display: Building textures: Texture2D_60 (BGRA8, 64X64)
[2018.09.13-17.41.46:633][764]Cmd: TRANSACTION UNDO
[2018.09.13-17.41.46:633][764]LogEditorTransaction: Undo Landscape Editing: Visibility
[2018.09.13-17.41.46:653][764]LogTexture: Display: Building textures: Texture2D_60 (BGRA8, 64X64)
[2018.09.13-17.41.47:269][800]Cmd: TRANSACTION UNDO
[2018.09.13-17.41.47:269][800]LogEditorTransaction: Undo Landscape Editing: Visibility
[2018.09.13-17.41.47:287][800]LogTexture: Display: Building textures: Texture2D_60 (BGRA8, 64X64)
[2018.09.13-17.41.51:932][ 63]LogSlate: FSceneViewport::OnFocusLost() reason 2
[2018.09.13-17.43.32:819][775]LogSlate: FSceneViewport::OnFocusLost() reason 0
[2018.09.13-17.43.53:300][936]LogAssetEditorManager: Opening Asset editor for Blueprint /Game/Justin/FbxScene_AirShip.FbxScene_AirShip
[2018.09.13-17.43.53:866][936]LogContentBrowser: Native class hierarchy updated for 'BlueprintGraph' in 0.0006 seconds. Added 116 classes and 0 folders.
[2018.09.13-17.43.54:801][936]LogSlate: Took 0.005227 seconds to synchronously load lazily loaded font '../../../Engine/Content/Slate/Fonts/Roboto-BoldCondensed.ttf' (158K)
[2018.09.13-17.44.02:044][248]LogSlate: Window 'FbxScene_AirShip' being destroyed
[2018.09.13-17.44.02:054][248]LogSlate: Window 'FbxScene_AirShip' being destroyed
[2018.09.13-17.44.04:496][379]LogSlate: FSceneViewport::OnFocusLost() reason 0
[2018.09.13-17.44.07:537][557]LogAssetEditorManager: Opening Asset editor for Blueprint /Game/Justin/FbxScene_AirShip.FbxScene_AirShip
[2018.09.13-17.44.09:168][609]LogSlate: Took 0.013521 seconds to synchronously load lazily loaded font '../../../Engine/Content/Slate/Fonts/Roboto-Italic.ttf' (157K)
[2018.09.13-17.44.53:698][478]LogSlate: Window 'FbxScene_AirShip' being destroyed
[2018.09.13-17.44.53:713][478]LogSlate: Window 'FbxScene_AirShip' being destroyed
[2018.09.13-17.45.08:326][316]LogSlate: FSceneViewport::OnFocusLost() reason 0
[2018.09.13-17.45.32:710][700]LogSlate: FSceneViewport::OnFocusLost() reason 0
[2018.09.13-17.46.30:547][782]LogSlate: FSceneViewport::OnFocusLost() reason 2
[2018.09.13-17.46.46:944][657]LogSlate: FSceneViewport::OnFocusLost() reason 0
[2018.09.13-17.47.13:067][ 72]LogSlate: FSceneViewport::OnFocusLost() reason 2
[2018.09.13-17.47.25:843][814]Cmd: TRANSACTION UNDO
[2018.09.13-17.47.25:843][814]LogEditorTransaction: Undo Landscape Editing: Visibility
[2018.09.13-17.47.53:507][342]Cmd: TRANSACTION UNDO
[2018.09.13-17.47.53:507][342]LogEditorTransaction: Undo Landscape Editing: Visibility
[2018.09.13-17.47.53:525][342]LogTexture: Display: Building textures: Texture2D_43 (BGRA8, 64X64)
[2018.09.13-17.48.07:284][135]Cmd: TRANSACTION UNDO
[2018.09.13-17.48.07:284][135]LogEditorTransaction: Undo Landscape Editing: Visibility
[2018.09.13-17.48.07:316][135]LogTexture: Display: Building textures: Texture2D_95 (BGRA8, 64X64)
[2018.09.13-17.48.07:327][135]LogTexture: Display: Building textures: Texture2D_45 (BGRA8, 64X64)
[2018.09.13-17.48.12:043][393]Cmd: TRANSACTION UNDO
[2018.09.13-17.48.12:043][393]LogEditorTransaction: Undo Landscape Editing: Visibility
[2018.09.13-17.48.14:407][518]LogSlate: FSceneViewport::OnFocusLost() reason 0
[2018.09.13-17.48.43:207][156]LogSlate: FSceneViewport::OnFocusLost() reason 0
[2018.09.13-17.50.06:991][922]LogSlate: FSceneViewport::OnFocusLost() reason 0
[2018.09.13-17.52.42:678][827]LogSlate: FSceneViewport::OnFocusLost() reason 0
[2018.09.13-17.53.29:764][522]LogSlate: FSceneViewport::OnFocusLost() reason 2
[2018.09.13-17.53.44:513][350]LogSlate: FSceneViewport::OnFocusLost() reason 0
[2018.09.13-17.53.54:161][877]LogSlate: FSceneViewport::OnFocusLost() reason 2
[2018.09.13-17.54.21:733][474]LogSlate: FSceneViewport::OnFocusLost() reason 2
[2018.09.13-17.54.34:833][210]LogSlate: FSceneViewport::OnFocusLost() reason 2
[2018.09.13-17.55.05:648][920]LogSlate: FSceneViewport::OnFocusLost() reason 2
[2018.09.13-17.55.19:995][737]Cmd: TRANSACTION UNDO
[2018.09.13-17.55.19:995][737]LogEditorTransaction: Undo Landscape Editing: Erosion
[2018.09.13-17.55.20:031][737]LogTexture: Display: Building textures: Texture2D_0 (BGRA8, 512X512)
[2018.09.13-17.55.20:052][737]LogTexture: Display: Building textures: Texture2D_52 (BGRA8, 64X64)
[2018.09.13-17.55.20:063][737]LogTexture: Display: Building textures: Texture2D_60 (BGRA8, 64X64)
[2018.09.13-17.55.21:404][802]LogSlate: FSceneViewport::OnFocusLost() reason 2
[2018.09.13-17.55.34:979][562]Cmd: TRANSACTION UNDO
[2018.09.13-17.55.34:979][562]LogEditorTransaction: Undo Landscape Editing: Hydraulic Erosion
[2018.09.13-17.55.36:806][651]LogSlate: FSceneViewport::OnFocusLost() reason 2
[2018.09.13-17.55.55:206][714]LogSlate: FSceneViewport::OnFocusLost() reason 0
[2018.09.13-17.57.05:306][499]LogSlate: FSceneViewport::OnFocusLost() reason 2
[2018.09.13-17.57.08:646][680]LogSlate: FSceneViewport::OnFocusLost() reason 2
[2018.09.13-17.57.08:842][680]LogTexture: Display: Building textures: Texture2D_0 (BGRA8, 512X512)
[2018.09.13-17.57.08:852][680]LogTexture: Display: Building textures: Texture2D_1 (BGRA8, 256X512)
[2018.09.13-17.57.08:857][680]LogTexture: Display: Building textures: Texture2D_24 (BGRA8, 64X64)
[2018.09.13-17.57.08:858][680]LogTexture: Display: Building textures: Texture2D_25 (BGRA8, 64X64)
[2018.09.13-17.57.08:859][680]LogTexture: Display: Building textures: Texture2D_39 (BGRA8, 64X64)
[2018.09.13-17.57.08:860][680]LogTexture: Display: Building textures: Texture2D_43 (BGRA8, 64X64)
[2018.09.13-17.57.08:861][680]LogTexture: Display: Building textures: Texture2D_45 (BGRA8, 64X64)
[2018.09.13-17.57.08:870][680]LogTexture: Display: Building textures: Texture2D_46 (BGRA8, 64X64)
[2018.09.13-17.57.08:871][680]LogTexture: Display: Building textures: Texture2D_49 (BGRA8, 64X64)
[2018.09.13-17.57.08:872][680]LogTexture: Display: Building textures: Texture2D_63 (BGRA8, 64X64)
[2018.09.13-17.57.08:873][680]LogTexture: Display: Building textures: Texture2D_73 (BGRA8, 64X64)
[2018.09.13-17.57.08:874][680]LogTexture: Display: Building textures: Texture2D_74 (BGRA8, 64X64)
[2018.09.13-17.57.08:874][680]LogTexture: Display: Building textures: Texture2D_95 (BGRA8, 64X64)
[2018.09.13-17.57.09:457][680]LogSavePackage: Moving '../../../../../../Users/justi/OneDrive/Documents/GitHub/AirCity/AIrShipCity/Saved/TestMap6764314643B7F5B445B0769CE55055FC.tmp' to '../../../../../../Users/justi/OneDrive/Documents/GitHub/AirCity/AIrShipCity/Content/FirstPersonBP/Maps/TestMap.umap'
[2018.09.13-17.57.09:502][680]LogFileHelpers: Saving map 'TestMap' took 0.838
